[2022-03-09 10:55:08.901]	local.info	graduation_design/main.go:20	log init success!
[2022-03-09 10:55:09.224]	local.info	graduation_design/main.go:24	db init success!
[2022-03-09 10:55:09.300]	local.error	initializer/redis.go:21	Redis connect ping failed, err:	{"err": "dial tcp 127.0.0.1:6379: connect: connection refused"}


[31m2022/03/09 10:55:48 [Recovery] 2022/03/09 - 10:55:48 panic recovered:
POST /register HTTP/1.1
Host: :8080
Accept: */*
Accept-Encoding: gzip, deflate, br
Accept-Language: zh-CN
Connection: keep-alive
Content-Length: 51
Content-Type: application/json
Origin: NaN
User-Agent: ApiPOST Runtime +https://www.apipost.cn
X-Request-Id: c8k1ed4bcv47phqsiod0


Undefined validation function 'optional' on field 'Name'
/Users/bytedance/go/pkg/mod/github.com/go-playground/validator/v10@v10.4.1/cache.go:289 (0x132a564)
	(*Validate).parseFieldTagsRecursive: panic(strings.TrimSpace(fmt.Sprintf(undefinedValidation, current.tag, fieldName)))
/Users/bytedance/go/pkg/mod/github.com/go-playground/validator/v10@v10.4.1/cache.go:150 (0x1329278)
	(*Validate).extractStructCache: ctag, _ = v.parseFieldTagsRecursive(tag, fld.Name, "", false)
/Users/bytedance/go/pkg/mod/github.com/go-playground/validator/v10@v10.4.1/validator.go:37 (0x132f9c4)
	(*validate).validateStruct: cs = v.v.extractStructCache(current, typ.Name())
/Users/bytedance/go/pkg/mod/github.com/go-playground/validator/v10@v10.4.1/validator_instance.go:308 (0x13356a9)
	(*Validate).StructCtx: vd.validateStruct(ctx, top, val, val.Type(), vd.ns[0:0], vd.actualNs[0:0], nil)
/Users/bytedance/go/pkg/mod/github.com/go-playground/validator/v10@v10.4.1/validator_instance.go:281 (0x1541108)
	(*Validate).Struct: return v.StructCtx(context.Background(), s)
/Users/bytedance/go/pkg/mod/github.com/gin-gonic/gin@v1.7.7/binding/default_validator.go:68 (0x15410cb)
	(*defaultValidator).validateStruct: return v.validate.Struct(obj)
/Users/bytedance/go/pkg/mod/github.com/gin-gonic/gin@v1.7.7/binding/default_validator.go:47 (0x1541004)
	(*defaultValidator).ValidateStruct: return v.validateStruct(obj)
/Users/bytedance/go/pkg/mod/github.com/gin-gonic/gin@v1.7.7/binding/default_validator.go:45 (0x1540fa9)
	(*defaultValidator).ValidateStruct: return v.ValidateStruct(value.Elem().Interface())
/Users/bytedance/go/pkg/mod/github.com/gin-gonic/gin@v1.7.7/binding/binding.go:117 (0x1545421)
	validate: return Validator.ValidateStruct(obj)
/Users/bytedance/go/pkg/mod/github.com/gin-gonic/gin@v1.7.7/binding/json.go:55 (0x15453f0)
	decodeJSON: return validate(obj)
/Users/bytedance/go/pkg/mod/github.com/gin-gonic/gin@v1.7.7/binding/json.go:37 (0x1545228)
	jsonBinding.Bind: return decodeJSON(req.Body, obj)
/Users/bytedance/go/pkg/mod/github.com/gin-gonic/gin@v1.7.7/context.go:706 (0x1718fa8)
	(*Context).ShouldBindWith: return b.Bind(c.Request, obj)
/Users/bytedance/go/pkg/mod/github.com/gin-gonic/gin@v1.7.7/context.go:671 (0x1718f85)
	(*Context).ShouldBindJSON: return c.ShouldBindWith(obj, binding.JSON)
/Users/bytedance/go/src/oasis/graduation_design/biz/handlers/register_handler.go:57 (0x1718fa9)
	(*registerHandler).getRequestBody: return c.ShouldBindJSON(r.req)
/Users/bytedance/go/src/oasis/graduation_design/biz/handlers/register_handler.go:24 (0x1718a24)
	Register: if err := handler.getRequestBody(ctx); err != nil {
/Users/bytedance/go/pkg/mod/github.com/gin-gonic/gin@v1.7.7/context.go:168 (0x1564f59)
	(*Context).Next: c.handlers[c.index](c)
/Users/bytedance/go/pkg/mod/github.com/gin-gonic/gin@v1.7.7/recovery.go:99 (0x1564f40)
	CustomRecoveryWithWriter.func1: c.Next()
/Users/bytedance/go/pkg/mod/github.com/gin-gonic/gin@v1.7.7/context.go:168 (0x1564f59)
	(*Context).Next: c.handlers[c.index](c)
/Users/bytedance/go/pkg/mod/github.com/gin-gonic/gin@v1.7.7/recovery.go:99 (0x1564f40)
	CustomRecoveryWithWriter.func1: c.Next()
/Users/bytedance/go/pkg/mod/github.com/gin-gonic/gin@v1.7.7/context.go:168 (0x1564033)
	(*Context).Next: c.handlers[c.index](c)
/Users/bytedance/go/pkg/mod/github.com/gin-gonic/gin@v1.7.7/logger.go:241 (0x1563ff2)
	LoggerWithConfig.func1: c.Next()
/Users/bytedance/go/pkg/mod/github.com/gin-gonic/gin@v1.7.7/context.go:168 (0x1559f0f)
	(*Context).Next: c.handlers[c.index](c)
/Users/bytedance/go/pkg/mod/github.com/gin-gonic/gin@v1.7.7/gin.go:555 (0x1559ef5)
	(*Engine).handleHTTPRequest: c.Next()
/Users/bytedance/go/pkg/mod/github.com/gin-gonic/gin@v1.7.7/gin.go:511 (0x15599aa)
	(*Engine).ServeHTTP: engine.handleHTTPRequest(c)
/usr/local/go/src/net/http/server.go:2867 (0x12bbce2)
	serverHandler.ServeHTTP: handler.ServeHTTP(rw, req)
/usr/local/go/src/net/http/server.go:1932 (0x12b710c)
	(*conn).serve: serverHandler{c.server}.ServeHTTP(w, w.req)
/usr/local/go/src/runtime/asm_amd64.s:1371 (0x106d940)
	goexit: BYTE	$0x90	// NOP
[0m


[31m2022/03/09 10:57:44 [Recovery] 2022/03/09 - 10:57:44 panic recovered:
POST /register HTTP/1.1
Host: :8080
Accept: */*
Accept-Encoding: gzip, deflate, br
Accept-Language: zh-CN
Connection: keep-alive
Content-Length: 190
Content-Type: application/json
Origin: NaN
User-Agent: ApiPOST Runtime +https://www.apipost.cn
X-Request-Id: c8k1fa4bcv47phqsiodg


Undefined validation function 'optional' on field 'Name'
/Users/bytedance/go/pkg/mod/github.com/go-playground/validator/v10@v10.4.1/cache.go:289 (0x132a564)
	(*Validate).parseFieldTagsRecursive: panic(strings.TrimSpace(fmt.Sprintf(undefinedValidation, current.tag, fieldName)))
/Users/bytedance/go/pkg/mod/github.com/go-playground/validator/v10@v10.4.1/cache.go:150 (0x1329278)
	(*Validate).extractStructCache: ctag, _ = v.parseFieldTagsRecursive(tag, fld.Name, "", false)
/Users/bytedance/go/pkg/mod/github.com/go-playground/validator/v10@v10.4.1/validator.go:37 (0x132f9c4)
	(*validate).validateStruct: cs = v.v.extractStructCache(current, typ.Name())
/Users/bytedance/go/pkg/mod/github.com/go-playground/validator/v10@v10.4.1/validator_instance.go:308 (0x13356a9)
	(*Validate).StructCtx: vd.validateStruct(ctx, top, val, val.Type(), vd.ns[0:0], vd.actualNs[0:0], nil)
/Users/bytedance/go/pkg/mod/github.com/go-playground/validator/v10@v10.4.1/validator_instance.go:281 (0x1541108)
	(*Validate).Struct: return v.StructCtx(context.Background(), s)
/Users/bytedance/go/pkg/mod/github.com/gin-gonic/gin@v1.7.7/binding/default_validator.go:68 (0x15410cb)
	(*defaultValidator).validateStruct: return v.validate.Struct(obj)
/Users/bytedance/go/pkg/mod/github.com/gin-gonic/gin@v1.7.7/binding/default_validator.go:47 (0x1541004)
	(*defaultValidator).ValidateStruct: return v.validateStruct(obj)
/Users/bytedance/go/pkg/mod/github.com/gin-gonic/gin@v1.7.7/binding/default_validator.go:45 (0x1540fa9)
	(*defaultValidator).ValidateStruct: return v.ValidateStruct(value.Elem().Interface())
/Users/bytedance/go/pkg/mod/github.com/gin-gonic/gin@v1.7.7/binding/binding.go:117 (0x1545421)
	validate: return Validator.ValidateStruct(obj)
/Users/bytedance/go/pkg/mod/github.com/gin-gonic/gin@v1.7.7/binding/json.go:55 (0x15453f0)
	decodeJSON: return validate(obj)
/Users/bytedance/go/pkg/mod/github.com/gin-gonic/gin@v1.7.7/binding/json.go:37 (0x1545228)
	jsonBinding.Bind: return decodeJSON(req.Body, obj)
/Users/bytedance/go/pkg/mod/github.com/gin-gonic/gin@v1.7.7/context.go:706 (0x1718fa8)
	(*Context).ShouldBindWith: return b.Bind(c.Request, obj)
/Users/bytedance/go/pkg/mod/github.com/gin-gonic/gin@v1.7.7/context.go:671 (0x1718f85)
	(*Context).ShouldBindJSON: return c.ShouldBindWith(obj, binding.JSON)
/Users/bytedance/go/src/oasis/graduation_design/biz/handlers/register_handler.go:57 (0x1718fa9)
	(*registerHandler).getRequestBody: return c.ShouldBindJSON(r.req)
/Users/bytedance/go/src/oasis/graduation_design/biz/handlers/register_handler.go:24 (0x1718a24)
	Register: if err := handler.getRequestBody(ctx); err != nil {
/Users/bytedance/go/pkg/mod/github.com/gin-gonic/gin@v1.7.7/context.go:168 (0x1564f59)
	(*Context).Next: c.handlers[c.index](c)
/Users/bytedance/go/pkg/mod/github.com/gin-gonic/gin@v1.7.7/recovery.go:99 (0x1564f40)
	CustomRecoveryWithWriter.func1: c.Next()
/Users/bytedance/go/pkg/mod/github.com/gin-gonic/gin@v1.7.7/context.go:168 (0x1564f59)
	(*Context).Next: c.handlers[c.index](c)
/Users/bytedance/go/pkg/mod/github.com/gin-gonic/gin@v1.7.7/recovery.go:99 (0x1564f40)
	CustomRecoveryWithWriter.func1: c.Next()
/Users/bytedance/go/pkg/mod/github.com/gin-gonic/gin@v1.7.7/context.go:168 (0x1564033)
	(*Context).Next: c.handlers[c.index](c)
/Users/bytedance/go/pkg/mod/github.com/gin-gonic/gin@v1.7.7/logger.go:241 (0x1563ff2)
	LoggerWithConfig.func1: c.Next()
/Users/bytedance/go/pkg/mod/github.com/gin-gonic/gin@v1.7.7/context.go:168 (0x1559f0f)
	(*Context).Next: c.handlers[c.index](c)
/Users/bytedance/go/pkg/mod/github.com/gin-gonic/gin@v1.7.7/gin.go:555 (0x1559ef5)
	(*Engine).handleHTTPRequest: c.Next()
/Users/bytedance/go/pkg/mod/github.com/gin-gonic/gin@v1.7.7/gin.go:511 (0x15599aa)
	(*Engine).ServeHTTP: engine.handleHTTPRequest(c)
/usr/local/go/src/net/http/server.go:2867 (0x12bbce2)
	serverHandler.ServeHTTP: handler.ServeHTTP(rw, req)
/usr/local/go/src/net/http/server.go:1932 (0x12b710c)
	(*conn).serve: serverHandler{c.server}.ServeHTTP(w, w.req)
/usr/local/go/src/runtime/asm_amd64.s:1371 (0x106d940)
	goexit: BYTE	$0x90	// NOP
[0m


[31m2022/03/09 10:58:05 [Recovery] 2022/03/09 - 10:58:05 panic recovered:
POST /register HTTP/1.1
Host: localhost:8080
Accept: */*
Accept-Encoding: gzip, deflate, br
Accept-Language: zh-CN
Connection: keep-alive
Content-Length: 91
Content-Type: application/json
Origin: http://localhost:8080
User-Agent: ApiPOST Runtime +https://www.apipost.cn
X-Request-Id: c8k1ffcbcv47phqsioe0


Undefined validation function 'optional' on field 'Name'
/Users/bytedance/go/pkg/mod/github.com/go-playground/validator/v10@v10.4.1/cache.go:289 (0x132a564)
	(*Validate).parseFieldTagsRecursive: panic(strings.TrimSpace(fmt.Sprintf(undefinedValidation, current.tag, fieldName)))
/Users/bytedance/go/pkg/mod/github.com/go-playground/validator/v10@v10.4.1/cache.go:150 (0x1329278)
	(*Validate).extractStructCache: ctag, _ = v.parseFieldTagsRecursive(tag, fld.Name, "", false)
/Users/bytedance/go/pkg/mod/github.com/go-playground/validator/v10@v10.4.1/validator.go:37 (0x132f9c4)
	(*validate).validateStruct: cs = v.v.extractStructCache(current, typ.Name())
/Users/bytedance/go/pkg/mod/github.com/go-playground/validator/v10@v10.4.1/validator_instance.go:308 (0x13356a9)
	(*Validate).StructCtx: vd.validateStruct(ctx, top, val, val.Type(), vd.ns[0:0], vd.actualNs[0:0], nil)
/Users/bytedance/go/pkg/mod/github.com/go-playground/validator/v10@v10.4.1/validator_instance.go:281 (0x1541108)
	(*Validate).Struct: return v.StructCtx(context.Background(), s)
/Users/bytedance/go/pkg/mod/github.com/gin-gonic/gin@v1.7.7/binding/default_validator.go:68 (0x15410cb)
	(*defaultValidator).validateStruct: return v.validate.Struct(obj)
/Users/bytedance/go/pkg/mod/github.com/gin-gonic/gin@v1.7.7/binding/default_validator.go:47 (0x1541004)
	(*defaultValidator).ValidateStruct: return v.validateStruct(obj)
/Users/bytedance/go/pkg/mod/github.com/gin-gonic/gin@v1.7.7/binding/default_validator.go:45 (0x1540fa9)
	(*defaultValidator).ValidateStruct: return v.ValidateStruct(value.Elem().Interface())
/Users/bytedance/go/pkg/mod/github.com/gin-gonic/gin@v1.7.7/binding/binding.go:117 (0x1545421)
	validate: return Validator.ValidateStruct(obj)
/Users/bytedance/go/pkg/mod/github.com/gin-gonic/gin@v1.7.7/binding/json.go:55 (0x15453f0)
	decodeJSON: return validate(obj)
/Users/bytedance/go/pkg/mod/github.com/gin-gonic/gin@v1.7.7/binding/json.go:37 (0x1545228)
	jsonBinding.Bind: return decodeJSON(req.Body, obj)
/Users/bytedance/go/pkg/mod/github.com/gin-gonic/gin@v1.7.7/context.go:706 (0x1718fa8)
	(*Context).ShouldBindWith: return b.Bind(c.Request, obj)
/Users/bytedance/go/pkg/mod/github.com/gin-gonic/gin@v1.7.7/context.go:671 (0x1718f85)
	(*Context).ShouldBindJSON: return c.ShouldBindWith(obj, binding.JSON)
/Users/bytedance/go/src/oasis/graduation_design/biz/handlers/register_handler.go:57 (0x1718fa9)
	(*registerHandler).getRequestBody: return c.ShouldBindJSON(r.req)
/Users/bytedance/go/src/oasis/graduation_design/biz/handlers/register_handler.go:24 (0x1718a24)
	Register: if err := handler.getRequestBody(ctx); err != nil {
/Users/bytedance/go/pkg/mod/github.com/gin-gonic/gin@v1.7.7/context.go:168 (0x1564f59)
	(*Context).Next: c.handlers[c.index](c)
/Users/bytedance/go/pkg/mod/github.com/gin-gonic/gin@v1.7.7/recovery.go:99 (0x1564f40)
	CustomRecoveryWithWriter.func1: c.Next()
/Users/bytedance/go/pkg/mod/github.com/gin-gonic/gin@v1.7.7/context.go:168 (0x1564f59)
	(*Context).Next: c.handlers[c.index](c)
/Users/bytedance/go/pkg/mod/github.com/gin-gonic/gin@v1.7.7/recovery.go:99 (0x1564f40)
	CustomRecoveryWithWriter.func1: c.Next()
/Users/bytedance/go/pkg/mod/github.com/gin-gonic/gin@v1.7.7/context.go:168 (0x1564033)
	(*Context).Next: c.handlers[c.index](c)
/Users/bytedance/go/pkg/mod/github.com/gin-gonic/gin@v1.7.7/logger.go:241 (0x1563ff2)
	LoggerWithConfig.func1: c.Next()
/Users/bytedance/go/pkg/mod/github.com/gin-gonic/gin@v1.7.7/context.go:168 (0x1559f0f)
	(*Context).Next: c.handlers[c.index](c)
/Users/bytedance/go/pkg/mod/github.com/gin-gonic/gin@v1.7.7/gin.go:555 (0x1559ef5)
	(*Engine).handleHTTPRequest: c.Next()
/Users/bytedance/go/pkg/mod/github.com/gin-gonic/gin@v1.7.7/gin.go:511 (0x15599aa)
	(*Engine).ServeHTTP: engine.handleHTTPRequest(c)
/usr/local/go/src/net/http/server.go:2867 (0x12bbce2)
	serverHandler.ServeHTTP: handler.ServeHTTP(rw, req)
/usr/local/go/src/net/http/server.go:1932 (0x12b710c)
	(*conn).serve: serverHandler{c.server}.ServeHTTP(w, w.req)
/usr/local/go/src/runtime/asm_amd64.s:1371 (0x106d940)
	goexit: BYTE	$0x90	// NOP
[0m
[2022-03-09 10:59:35.613]	local.info	graduation_design/main.go:20	log init success!
[2022-03-09 10:59:35.918]	local.info	graduation_design/main.go:24	db init success!
[2022-03-09 10:59:35.992]	local.error	initializer/redis.go:21	Redis connect ping failed, err:	{"err": "dial tcp 127.0.0.1:6379: connect: connection refused"}
[2022-03-09 10:59:53.066]	local.info	handlers/register_handler.go:30	[Register] ReqBody = {"name":"jiejie","email":"hahahahaaaha@qq.com","password":"giegie"}	{"X-Request-Id": "c8k1gacbcv48abvn808g"}
[2022-03-09 10:59:53.556]	local.info	handlers/register_handler.go:46	[Register] userInfo = {"id":9,"name":"jiejie","login_info_id":9,"created_at":"2022-03-09T10:59:53.42+08:00","updated_at":"2022-03-09T10:59:53.42+08:00","deleted_at":null}	{"X-Request-Id": "c8k1gacbcv48abvn808g"}
[2022-03-09 11:01:43.444]	local.info	graduation_design/main.go:20	log init success!
[2022-03-09 11:01:43.734]	local.info	graduation_design/main.go:24	db init success!
[2022-03-09 11:01:43.807]	local.error	initializer/redis.go:21	Redis connect ping failed, err:	{"err": "dial tcp 127.0.0.1:6379: connect: connection refused"}
[2022-03-09 11:01:59.847]	local.info	handlers/register_handler.go:30	[Register] ReqBody = {"email":"hahahahaaaha@aqq.com","password":"giegie"}	{"X-Request-Id": "c8k1h9sbcv48ijrb2o3g"}
[2022-03-09 11:02:00.340]	local.info	handlers/register_handler.go:53	[Register] userInfo = {"id":10,"name":"polis-01FXPA0KX7B2AP9462T669Z29E","avatar_url":"https://lf3-static.bytednsdoc.com/obj/eden-cn/lluhfyeh7uhbfpzbps/avatar_default.jpeg","login_info_id":10,"created_at":"2022-03-09T11:02:00.197+08:00","updated_at":"2022-03-09T11:02:00.197+08:00","deleted_at":null}	{"X-Request-Id": "c8k1h9sbcv48ijrb2o3g"}
[2022-03-10 11:01:36.866]	local.info	graduation_design/main.go:21	log init success!
main.main
	/Users/bytedance/go/src/oasis/graduation_design/main.go:21
runtime.main
	/usr/local/go/src/runtime/proc.go:225
[2022-03-10 11:01:37.189]	local.info	graduation_design/main.go:25	db init success!
main.main
	/Users/bytedance/go/src/oasis/graduation_design/main.go:25
runtime.main
	/usr/local/go/src/runtime/proc.go:225
[2022-03-10 11:01:57.266]	local.error	initializer/redis.go:21	Redis connect ping failed, err:	{"err": "dial tcp 101.43.252.159:6379: i/o timeout"}
oasis/graduation_design/initializer.InitializeRedis
	/Users/bytedance/go/src/oasis/graduation_design/initializer/redis.go:21
main.main
	/Users/bytedance/go/src/oasis/graduation_design/main.go:35
runtime.main
	/usr/local/go/src/runtime/proc.go:225
[2022-03-10 11:01:57.266]	local.info	graduation_design/main.go:36	redis init success!
main.main
	/Users/bytedance/go/src/oasis/graduation_design/main.go:36
runtime.main
	/usr/local/go/src/runtime/proc.go:225
[2022-03-10 11:28:57.319]	local.info	graduation_design/main.go:21	log init success!
main.main
	/Users/bytedance/go/src/oasis/graduation_design/main.go:21
runtime.main
	/usr/local/go/src/runtime/proc.go:225
[2022-03-10 11:28:57.608]	local.info	graduation_design/main.go:25	db init success!
main.main
	/Users/bytedance/go/src/oasis/graduation_design/main.go:25
runtime.main
	/usr/local/go/src/runtime/proc.go:225
[2022-03-10 11:29:17.693]	local.error	initializer/redis.go:21	Redis connect ping failed, err:	{"err": "dial tcp 101.43.252.159:6379: i/o timeout"}
oasis/graduation_design/initializer.InitializeRedis
	/Users/bytedance/go/src/oasis/graduation_design/initializer/redis.go:21
main.main
	/Users/bytedance/go/src/oasis/graduation_design/main.go:35
runtime.main
	/usr/local/go/src/runtime/proc.go:225
[2022-03-10 11:29:17.693]	local.info	graduation_design/main.go:36	redis init success!
main.main
	/Users/bytedance/go/src/oasis/graduation_design/main.go:36
runtime.main
	/usr/local/go/src/runtime/proc.go:225
[2022-03-10 15:40:50.492]	[34mINFO[0m	graduation_design/main.go:21	log init success!
main.main
	/Users/bytedance/go/src/oasis/graduation_design/main.go:21
runtime.main
	/usr/local/go/src/runtime/proc.go:225
[2022-03-10 15:40:50.784]	[34mINFO[0m	graduation_design/main.go:25	db init success!
main.main
	/Users/bytedance/go/src/oasis/graduation_design/main.go:25
runtime.main
	/usr/local/go/src/runtime/proc.go:225
[2022-03-10 15:41:10.870]	[31mERROR[0m	initializer/redis.go:21	Redis connect ping failed, err:	{"err": "dial tcp 101.43.252.159:6379: i/o timeout"}
oasis/graduation_design/initializer.InitializeRedis
	/Users/bytedance/go/src/oasis/graduation_design/initializer/redis.go:21
main.main
	/Users/bytedance/go/src/oasis/graduation_design/main.go:35
runtime.main
	/usr/local/go/src/runtime/proc.go:225
[2022-03-10 15:41:10.870]	[34mINFO[0m	graduation_design/main.go:36	redis init success!
main.main
	/Users/bytedance/go/src/oasis/graduation_design/main.go:36
runtime.main
	/usr/local/go/src/runtime/proc.go:225
[2022-04-03 16:48:27.298]	[34mINFO[0m	graduation_design/main.go:21	log init success!
main.init.0
	/Users/bytedance/go/src/oasis/graduation_design/main.go:21
runtime.doInit
	/usr/local/go/src/runtime/proc.go:6309
runtime.main
	/usr/local/go/src/runtime/proc.go:208
[2022-04-03 16:48:30.367]	[34mINFO[0m	graduation_design/main.go:25	db init success!
main.init.0
	/Users/bytedance/go/src/oasis/graduation_design/main.go:25
runtime.doInit
	/usr/local/go/src/runtime/proc.go:6309
runtime.main
	/usr/local/go/src/runtime/proc.go:208
[2022-04-03 22:49:44.287]	[34mINFO[0m	game_boat/main.go:22	log init success!
main.init.0
	/Users/bytedance/go/src/github.com/oasis/game_boat/main.go:22
runtime.doInit
	/usr/local/go/src/runtime/proc.go:6309
runtime.main
	/usr/local/go/src/runtime/proc.go:208
[2022-04-03 22:49:47.959]	[34mINFO[0m	game_boat/main.go:26	db init success!
main.init.0
	/Users/bytedance/go/src/github.com/oasis/game_boat/main.go:26
runtime.doInit
	/usr/local/go/src/runtime/proc.go:6309
runtime.main
	/usr/local/go/src/runtime/proc.go:208
[2022-04-03 23:50:39.405]	[34mINFO[0m	game_boat/main.go:22	log init success!
main.init.0
	/Users/bytedance/go/src/github.com/oasis/game_boat/main.go:22
runtime.doInit
	/usr/local/go/src/runtime/proc.go:6309
runtime.main
	/usr/local/go/src/runtime/proc.go:208
[2022-04-04 15:53:44.260]	[34mINFO[0m	game_boat/main.go:23	log init success!
main.init.0
	/Users/bytedance/go/src/github.com/oasis/game_boat/main.go:23
runtime.doInit
	/usr/local/go/src/runtime/proc.go:6309
runtime.main
	/usr/local/go/src/runtime/proc.go:208
[2022-04-04 15:53:44.556]	[34mINFO[0m	game_boat/main.go:27	db init success!
main.init.0
	/Users/bytedance/go/src/github.com/oasis/game_boat/main.go:27
runtime.doInit
	/usr/local/go/src/runtime/proc.go:6309
runtime.main
	/usr/local/go/src/runtime/proc.go:208
[2022-04-04 16:06:46.624]	[34mINFO[0m	game_boat/main.go:23	log init success!
main.init.0
	/Users/bytedance/go/src/github.com/oasis/game_boat/main.go:23
runtime.doInit
	/usr/local/go/src/runtime/proc.go:6309
runtime.main
	/usr/local/go/src/runtime/proc.go:208
[2022-04-04 16:06:46.901]	[34mINFO[0m	game_boat/main.go:27	db init success!
main.init.0
	/Users/bytedance/go/src/github.com/oasis/game_boat/main.go:27
runtime.doInit
	/usr/local/go/src/runtime/proc.go:6309
runtime.main
	/usr/local/go/src/runtime/proc.go:208
[2022-04-04 16:20:27.346]	[34mINFO[0m	game_boat/main.go:23	log init success!
main.init.0
	/Users/bytedance/go/src/github.com/oasis/game_boat/main.go:23
runtime.doInit
	/usr/local/go/src/runtime/proc.go:6309
runtime.main
	/usr/local/go/src/runtime/proc.go:208
[2022-04-04 16:20:27.652]	[34mINFO[0m	game_boat/main.go:27	db init success!
main.init.0
	/Users/bytedance/go/src/github.com/oasis/game_boat/main.go:27
runtime.doInit
	/usr/local/go/src/runtime/proc.go:6309
runtime.main
	/usr/local/go/src/runtime/proc.go:208
[2022-04-04 16:20:47.737]	[31mERROR[0m	initializer/redis.go:21	Redis connect ping failed, err:	{"err": "dial tcp 101.43.252.159:6379: i/o timeout"}
github.com/oasis/game_boat/initializer.InitializeRedis
	/Users/bytedance/go/src/github.com/oasis/game_boat/initializer/redis.go:21
main.init.0
	/Users/bytedance/go/src/github.com/oasis/game_boat/main.go:30
runtime.doInit
	/usr/local/go/src/runtime/proc.go:6309
runtime.main
	/usr/local/go/src/runtime/proc.go:208
[2022-04-04 16:20:47.738]	[34mINFO[0m	game_boat/main.go:31	redis init success!
main.init.0
	/Users/bytedance/go/src/github.com/oasis/game_boat/main.go:31
runtime.doInit
	/usr/local/go/src/runtime/proc.go:6309
runtime.main
	/usr/local/go/src/runtime/proc.go:208
[2022-04-04 16:20:56.740]	[34mINFO[0m	handlers/register.go:30	[Register] ReqBody = {"email":"hahahaaasssahaaha@qq.com","password":"giegie"}	{"x-request-id": "c95akq4bcv4b462o0i7g"}
github.com/oasis/game_boat/biz/handlers.Register
	/Users/bytedance/go/src/github.com/oasis/game_boat/biz/handlers/register.go:30
github.com/gin-gonic/gin.(*Context).Next
	/Users/bytedance/go/pkg/mod/github.com/gin-gonic/gin@v1.7.7/context.go:168
github.com/gin-gonic/gin.CustomRecoveryWithWriter.func1
	/Users/bytedance/go/pkg/mod/github.com/gin-gonic/gin@v1.7.7/recovery.go:99
github.com/gin-gonic/gin.(*Context).Next
	/Users/bytedance/go/pkg/mod/github.com/gin-gonic/gin@v1.7.7/context.go:168
github.com/gin-gonic/gin.CustomRecoveryWithWriter.func1
	/Users/bytedance/go/pkg/mod/github.com/gin-gonic/gin@v1.7.7/recovery.go:99
github.com/gin-gonic/gin.(*Context).Next
	/Users/bytedance/go/pkg/mod/github.com/gin-gonic/gin@v1.7.7/context.go:168
github.com/gin-gonic/gin.LoggerWithConfig.func1
	/Users/bytedance/go/pkg/mod/github.com/gin-gonic/gin@v1.7.7/logger.go:241
github.com/gin-gonic/gin.(*Context).Next
	/Users/bytedance/go/pkg/mod/github.com/gin-gonic/gin@v1.7.7/context.go:168
github.com/gin-gonic/gin.(*Engine).handleHTTPRequest
	/Users/bytedance/go/pkg/mod/github.com/gin-gonic/gin@v1.7.7/gin.go:555
github.com/gin-gonic/gin.(*Engine).ServeHTTP
	/Users/bytedance/go/pkg/mod/github.com/gin-gonic/gin@v1.7.7/gin.go:511
net/http.serverHandler.ServeHTTP
	/usr/local/go/src/net/http/server.go:2867
net/http.(*conn).serve
	/usr/local/go/src/net/http/server.go:1932
[2022-04-04 16:20:57.246]	[34mINFO[0m	handlers/register.go:49	[Register] userInfo = {"id":21,"name":"polis-c95akq4bcv4b462o0i80","avatar_url":"https://lf3-static.bytednsdoc.com/obj/eden-cn/lluhfyeh7uhbfpzbps/avatar_default.jpeg","wall_image_url":"https://assets.tapimg.com/web-app/static/img/default_bg.05387bbb.png","like_count":0,"email":"hahahaaasssahaaha@qq.com","login_info_id":21,"created_at":"2022-04-04T16:20:57.097+08:00","updated_at":"2022-04-04T16:20:57.097+08:00","deleted_at":null}	{"x-request-id": "c95akq4bcv4b462o0i7g"}
github.com/oasis/game_boat/biz/handlers.Register
	/Users/bytedance/go/src/github.com/oasis/game_boat/biz/handlers/register.go:49
github.com/gin-gonic/gin.(*Context).Next
	/Users/bytedance/go/pkg/mod/github.com/gin-gonic/gin@v1.7.7/context.go:168
github.com/gin-gonic/gin.CustomRecoveryWithWriter.func1
	/Users/bytedance/go/pkg/mod/github.com/gin-gonic/gin@v1.7.7/recovery.go:99
github.com/gin-gonic/gin.(*Context).Next
	/Users/bytedance/go/pkg/mod/github.com/gin-gonic/gin@v1.7.7/context.go:168
github.com/gin-gonic/gin.CustomRecoveryWithWriter.func1
	/Users/bytedance/go/pkg/mod/github.com/gin-gonic/gin@v1.7.7/recovery.go:99
github.com/gin-gonic/gin.(*Context).Next
	/Users/bytedance/go/pkg/mod/github.com/gin-gonic/gin@v1.7.7/context.go:168
github.com/gin-gonic/gin.LoggerWithConfig.func1
	/Users/bytedance/go/pkg/mod/github.com/gin-gonic/gin@v1.7.7/logger.go:241
github.com/gin-gonic/gin.(*Context).Next
	/Users/bytedance/go/pkg/mod/github.com/gin-gonic/gin@v1.7.7/context.go:168
github.com/gin-gonic/gin.(*Engine).handleHTTPRequest
	/Users/bytedance/go/pkg/mod/github.com/gin-gonic/gin@v1.7.7/gin.go:555
github.com/gin-gonic/gin.(*Engine).ServeHTTP
	/Users/bytedance/go/pkg/mod/github.com/gin-gonic/gin@v1.7.7/gin.go:511
net/http.serverHandler.ServeHTTP
	/usr/local/go/src/net/http/server.go:2867
net/http.(*conn).serve
	/usr/local/go/src/net/http/server.go:1932
[2022-04-04 18:12:22.653]	[34mINFO[0m	game_boat/main.go:24	log init success!
main.init.0
	/Users/bytedance/go/src/github.com/oasis/game_boat/main.go:24
runtime.doInit
	/usr/local/go/src/runtime/proc.go:6309
runtime.main
	/usr/local/go/src/runtime/proc.go:208
[2022-04-04 18:12:22.933]	[34mINFO[0m	game_boat/main.go:28	db init success!
main.init.0
	/Users/bytedance/go/src/github.com/oasis/game_boat/main.go:28
runtime.doInit
	/usr/local/go/src/runtime/proc.go:6309
runtime.main
	/usr/local/go/src/runtime/proc.go:208
[2022-04-04 19:19:53.038]	[34mINFO[0m	game_boat/main.go:24	log init success!
main.init.0
	/Users/bytedance/go/src/github.com/oasis/game_boat/main.go:24
runtime.doInit
	/usr/local/go/src/runtime/proc.go:6309
runtime.main
	/usr/local/go/src/runtime/proc.go:208
[2022-04-04 19:19:53.322]	[34mINFO[0m	game_boat/main.go:28	db init success!
main.init.0
	/Users/bytedance/go/src/github.com/oasis/game_boat/main.go:28
runtime.doInit
	/usr/local/go/src/runtime/proc.go:6309
runtime.main
	/usr/local/go/src/runtime/proc.go:208
[2022-04-04 21:06:31.563]	[34mINFO[0m	game_boat/main.go:24	log init success!
main.init.0
	/Users/bytedance/go/src/github.com/oasis/game_boat/main.go:24
runtime.doInit
	/usr/local/go/src/runtime/proc.go:6309
runtime.main
	/usr/local/go/src/runtime/proc.go:208
[2022-04-04 21:06:31.859]	[34mINFO[0m	game_boat/main.go:28	db init success!
main.init.0
	/Users/bytedance/go/src/github.com/oasis/game_boat/main.go:28
runtime.doInit
	/usr/local/go/src/runtime/proc.go:6309
runtime.main
	/usr/local/go/src/runtime/proc.go:208
[2022-04-04 21:49:12.800]	[34mINFO[0m	game_boat/main.go:25	log init success!
main.init.0
	/Users/bytedance/go/src/github.com/oasis/game_boat/main.go:25
runtime.doInit
	/usr/local/go/src/runtime/proc.go:6309
runtime.main
	/usr/local/go/src/runtime/proc.go:208
[2022-04-04 21:49:13.101]	[34mINFO[0m	game_boat/main.go:29	db init success!
main.init.0
	/Users/bytedance/go/src/github.com/oasis/game_boat/main.go:29
runtime.doInit
	/usr/local/go/src/runtime/proc.go:6309
runtime.main
	/usr/local/go/src/runtime/proc.go:208
[2022-04-04 22:18:45.715]	[34mINFO[0m	game_boat/main.go:25	log init success!
main.init.0
	/Users/bytedance/go/src/github.com/oasis/game_boat/main.go:25
runtime.doInit
	/usr/local/go/src/runtime/proc.go:6309
runtime.main
	/usr/local/go/src/runtime/proc.go:208
[2022-04-04 22:18:46.082]	[34mINFO[0m	game_boat/main.go:29	db init success!
main.init.0
	/Users/bytedance/go/src/github.com/oasis/game_boat/main.go:29
runtime.doInit
	/usr/local/go/src/runtime/proc.go:6309
runtime.main
	/usr/local/go/src/runtime/proc.go:208
[2022-04-04 22:19:06.168]	[31mERROR[0m	initializer/redis.go:21	Redis connect ping failed, err:	{"err": "dial tcp 101.43.252.159:6379: i/o timeout"}
github.com/oasis/game_boat/initializer.InitializeRedis
	/Users/bytedance/go/src/github.com/oasis/game_boat/initializer/redis.go:21
main.init.0
	/Users/bytedance/go/src/github.com/oasis/game_boat/main.go:32
runtime.doInit
	/usr/local/go/src/runtime/proc.go:6309
runtime.main
	/usr/local/go/src/runtime/proc.go:208
[2022-04-04 22:19:06.168]	[34mINFO[0m	game_boat/main.go:33	redis init success!
main.init.0
	/Users/bytedance/go/src/github.com/oasis/game_boat/main.go:33
runtime.doInit
	/usr/local/go/src/runtime/proc.go:6309
runtime.main
	/usr/local/go/src/runtime/proc.go:208
[2022-04-04 22:20:10.813]	[34mINFO[0m	game_boat/main.go:25	log init success!
main.init.0
	/Users/bytedance/go/src/github.com/oasis/game_boat/main.go:25
runtime.doInit
	/usr/local/go/src/runtime/proc.go:6309
runtime.main
	/usr/local/go/src/runtime/proc.go:208
[2022-04-04 22:20:11.094]	[34mINFO[0m	game_boat/main.go:29	db init success!
main.init.0
	/Users/bytedance/go/src/github.com/oasis/game_boat/main.go:29
runtime.doInit
	/usr/local/go/src/runtime/proc.go:6309
runtime.main
	/usr/local/go/src/runtime/proc.go:208
[2022-04-04 22:20:31.178]	[31mERROR[0m	initializer/redis.go:21	Redis connect ping failed, err:	{"err": "dial tcp 101.43.252.159:6379: i/o timeout"}
github.com/oasis/game_boat/initializer.InitializeRedis
	/Users/bytedance/go/src/github.com/oasis/game_boat/initializer/redis.go:21
main.init.0
	/Users/bytedance/go/src/github.com/oasis/game_boat/main.go:32
runtime.doInit
	/usr/local/go/src/runtime/proc.go:6309
runtime.main
	/usr/local/go/src/runtime/proc.go:208
[2022-04-04 22:20:31.178]	[34mINFO[0m	game_boat/main.go:33	redis init success!
main.init.0
	/Users/bytedance/go/src/github.com/oasis/game_boat/main.go:33
runtime.doInit
	/usr/local/go/src/runtime/proc.go:6309
runtime.main
	/usr/local/go/src/runtime/proc.go:208
[2022-04-04 22:22:53.913]	[34mINFO[0m	game_boat/main.go:25	log init success!
main.init.0
	/Users/bytedance/go/src/github.com/oasis/game_boat/main.go:25
runtime.doInit
	/usr/local/go/src/runtime/proc.go:6309
runtime.main
	/usr/local/go/src/runtime/proc.go:208
[2022-04-04 22:22:54.196]	[34mINFO[0m	game_boat/main.go:29	db init success!
main.init.0
	/Users/bytedance/go/src/github.com/oasis/game_boat/main.go:29
runtime.doInit
	/usr/local/go/src/runtime/proc.go:6309
runtime.main
	/usr/local/go/src/runtime/proc.go:208
[2022-04-04 22:23:14.278]	[31mERROR[0m	initializer/redis.go:21	Redis connect ping failed, err:	{"err": "dial tcp 101.43.252.159:6379: i/o timeout"}
github.com/oasis/game_boat/initializer.InitializeRedis
	/Users/bytedance/go/src/github.com/oasis/game_boat/initializer/redis.go:21
main.init.0
	/Users/bytedance/go/src/github.com/oasis/game_boat/main.go:32
runtime.doInit
	/usr/local/go/src/runtime/proc.go:6309
runtime.main
	/usr/local/go/src/runtime/proc.go:208
[2022-04-04 22:23:14.278]	[34mINFO[0m	game_boat/main.go:33	redis init success!
main.init.0
	/Users/bytedance/go/src/github.com/oasis/game_boat/main.go:33
runtime.doInit
	/usr/local/go/src/runtime/proc.go:6309
runtime.main
	/usr/local/go/src/runtime/proc.go:208
[2022-04-04 22:24:27.367]	[34mINFO[0m	game_boat/main.go:25	log init success!
main.init.0
	/Users/bytedance/go/src/github.com/oasis/game_boat/main.go:25
runtime.doInit
	/usr/local/go/src/runtime/proc.go:6309
runtime.main
	/usr/local/go/src/runtime/proc.go:208
[2022-04-04 22:24:27.693]	[34mINFO[0m	game_boat/main.go:29	db init success!
main.init.0
	/Users/bytedance/go/src/github.com/oasis/game_boat/main.go:29
runtime.doInit
	/usr/local/go/src/runtime/proc.go:6309
runtime.main
	/usr/local/go/src/runtime/proc.go:208
[2022-04-04 22:24:47.779]	[31mERROR[0m	initializer/redis.go:21	Redis connect ping failed, err:	{"err": "dial tcp 101.43.252.159:6379: i/o timeout"}
github.com/oasis/game_boat/initializer.InitializeRedis
	/Users/bytedance/go/src/github.com/oasis/game_boat/initializer/redis.go:21
main.init.0
	/Users/bytedance/go/src/github.com/oasis/game_boat/main.go:32
runtime.doInit
	/usr/local/go/src/runtime/proc.go:6309
runtime.main
	/usr/local/go/src/runtime/proc.go:208
[2022-04-04 22:24:47.779]	[34mINFO[0m	game_boat/main.go:33	redis init success!
main.init.0
	/Users/bytedance/go/src/github.com/oasis/game_boat/main.go:33
runtime.doInit
	/usr/local/go/src/runtime/proc.go:6309
runtime.main
	/usr/local/go/src/runtime/proc.go:208
[2022-04-04 22:25:58.792]	[34mINFO[0m	game_boat/main.go:25	log init success!
main.init.0
	/Users/bytedance/go/src/github.com/oasis/game_boat/main.go:25
runtime.doInit
	/usr/local/go/src/runtime/proc.go:6309
runtime.main
	/usr/local/go/src/runtime/proc.go:208
[2022-04-04 22:25:59.083]	[34mINFO[0m	game_boat/main.go:29	db init success!
main.init.0
	/Users/bytedance/go/src/github.com/oasis/game_boat/main.go:29
runtime.doInit
	/usr/local/go/src/runtime/proc.go:6309
runtime.main
	/usr/local/go/src/runtime/proc.go:208
[2022-04-04 22:26:19.168]	[31mERROR[0m	initializer/redis.go:21	Redis connect ping failed, err:	{"err": "dial tcp 101.43.252.159:6379: i/o timeout"}
github.com/oasis/game_boat/initializer.InitializeRedis
	/Users/bytedance/go/src/github.com/oasis/game_boat/initializer/redis.go:21
main.init.0
	/Users/bytedance/go/src/github.com/oasis/game_boat/main.go:32
runtime.doInit
	/usr/local/go/src/runtime/proc.go:6309
runtime.main
	/usr/local/go/src/runtime/proc.go:208
[2022-04-04 22:26:19.169]	[34mINFO[0m	game_boat/main.go:33	redis init success!
main.init.0
	/Users/bytedance/go/src/github.com/oasis/game_boat/main.go:33
runtime.doInit
	/usr/local/go/src/runtime/proc.go:6309
runtime.main
	/usr/local/go/src/runtime/proc.go:208
[2022-04-04 22:27:26.710]	[34mINFO[0m	game_boat/main.go:25	log init success!
main.init.0
	/Users/bytedance/go/src/github.com/oasis/game_boat/main.go:25
runtime.doInit
	/usr/local/go/src/runtime/proc.go:6309
runtime.main
	/usr/local/go/src/runtime/proc.go:208
[2022-04-04 22:27:26.993]	[34mINFO[0m	game_boat/main.go:29	db init success!
main.init.0
	/Users/bytedance/go/src/github.com/oasis/game_boat/main.go:29
runtime.doInit
	/usr/local/go/src/runtime/proc.go:6309
runtime.main
	/usr/local/go/src/runtime/proc.go:208
[2022-04-04 22:27:47.077]	[31mERROR[0m	initializer/redis.go:21	Redis connect ping failed, err:	{"err": "dial tcp 101.43.252.159:6379: i/o timeout"}
github.com/oasis/game_boat/initializer.InitializeRedis
	/Users/bytedance/go/src/github.com/oasis/game_boat/initializer/redis.go:21
main.init.0
	/Users/bytedance/go/src/github.com/oasis/game_boat/main.go:32
runtime.doInit
	/usr/local/go/src/runtime/proc.go:6309
runtime.main
	/usr/local/go/src/runtime/proc.go:208
[2022-04-04 22:27:47.078]	[34mINFO[0m	game_boat/main.go:33	redis init success!
main.init.0
	/Users/bytedance/go/src/github.com/oasis/game_boat/main.go:33
runtime.doInit
	/usr/local/go/src/runtime/proc.go:6309
runtime.main
	/usr/local/go/src/runtime/proc.go:208
[2022-04-04 22:31:36.406]	[34mINFO[0m	game_boat/main.go:25	log init success!
main.init.0
	/Users/bytedance/go/src/github.com/oasis/game_boat/main.go:25
runtime.doInit
	/usr/local/go/src/runtime/proc.go:6309
runtime.main
	/usr/local/go/src/runtime/proc.go:208
[2022-04-04 22:31:39.298]	[34mINFO[0m	game_boat/main.go:29	db init success!
main.init.0
	/Users/bytedance/go/src/github.com/oasis/game_boat/main.go:29
runtime.doInit
	/usr/local/go/src/runtime/proc.go:6309
runtime.main
	/usr/local/go/src/runtime/proc.go:208
[2022-04-04 22:31:59.375]	[31mERROR[0m	initializer/redis.go:21	Redis connect ping failed, err:	{"err": "dial tcp 101.43.252.159:6379: i/o timeout"}
github.com/oasis/game_boat/initializer.InitializeRedis
	/Users/bytedance/go/src/github.com/oasis/game_boat/initializer/redis.go:21
main.init.0
	/Users/bytedance/go/src/github.com/oasis/game_boat/main.go:32
runtime.doInit
	/usr/local/go/src/runtime/proc.go:6309
runtime.main
	/usr/local/go/src/runtime/proc.go:208
[2022-04-04 22:31:59.375]	[34mINFO[0m	game_boat/main.go:33	redis init success!
main.init.0
	/Users/bytedance/go/src/github.com/oasis/game_boat/main.go:33
runtime.doInit
	/usr/local/go/src/runtime/proc.go:6309
runtime.main
	/usr/local/go/src/runtime/proc.go:208
[2022-04-04 22:32:08.302]	[34mINFO[0m	game/three_list.go:28	[GetGameThreeList], key = all, page = 1, pageSize = 5	{"x-request-id": "c95g2q4bcv47eqguendg"}
github.com/oasis/game_boat/biz/handlers/get/game.GetGameThreeList
	/Users/bytedance/go/src/github.com/oasis/game_boat/biz/handlers/get/game/three_list.go:28
github.com/gin-gonic/gin.(*Context).Next
	/Users/bytedance/go/pkg/mod/github.com/gin-gonic/gin@v1.7.7/context.go:168
github.com/gin-gonic/gin.CustomRecoveryWithWriter.func1
	/Users/bytedance/go/pkg/mod/github.com/gin-gonic/gin@v1.7.7/recovery.go:99
github.com/gin-gonic/gin.(*Context).Next
	/Users/bytedance/go/pkg/mod/github.com/gin-gonic/gin@v1.7.7/context.go:168
github.com/gin-gonic/gin.CustomRecoveryWithWriter.func1
	/Users/bytedance/go/pkg/mod/github.com/gin-gonic/gin@v1.7.7/recovery.go:99
github.com/gin-gonic/gin.(*Context).Next
	/Users/bytedance/go/pkg/mod/github.com/gin-gonic/gin@v1.7.7/context.go:168
github.com/gin-gonic/gin.LoggerWithConfig.func1
	/Users/bytedance/go/pkg/mod/github.com/gin-gonic/gin@v1.7.7/logger.go:241
github.com/gin-gonic/gin.(*Context).Next
	/Users/bytedance/go/pkg/mod/github.com/gin-gonic/gin@v1.7.7/context.go:168
github.com/gin-gonic/gin.(*Engine).handleHTTPRequest
	/Users/bytedance/go/pkg/mod/github.com/gin-gonic/gin@v1.7.7/gin.go:555
github.com/gin-gonic/gin.(*Engine).ServeHTTP
	/Users/bytedance/go/pkg/mod/github.com/gin-gonic/gin@v1.7.7/gin.go:511
net/http.serverHandler.ServeHTTP
	/usr/local/go/src/net/http/server.go:2867
net/http.(*conn).serve
	/usr/local/go/src/net/http/server.go:1932
[2022-04-04 22:32:08.589]	[34mINFO[0m	game/three_list.go:43	[GetGameThreeList] key = all resp.len = 5 5 5	{"x-request-id": "c95g2q4bcv47eqguendg"}
github.com/oasis/game_boat/biz/handlers/get/game.GetGameThreeList
	/Users/bytedance/go/src/github.com/oasis/game_boat/biz/handlers/get/game/three_list.go:43
github.com/gin-gonic/gin.(*Context).Next
	/Users/bytedance/go/pkg/mod/github.com/gin-gonic/gin@v1.7.7/context.go:168
github.com/gin-gonic/gin.CustomRecoveryWithWriter.func1
	/Users/bytedance/go/pkg/mod/github.com/gin-gonic/gin@v1.7.7/recovery.go:99
github.com/gin-gonic/gin.(*Context).Next
	/Users/bytedance/go/pkg/mod/github.com/gin-gonic/gin@v1.7.7/context.go:168
github.com/gin-gonic/gin.CustomRecoveryWithWriter.func1
	/Users/bytedance/go/pkg/mod/github.com/gin-gonic/gin@v1.7.7/recovery.go:99
github.com/gin-gonic/gin.(*Context).Next
	/Users/bytedance/go/pkg/mod/github.com/gin-gonic/gin@v1.7.7/context.go:168
github.com/gin-gonic/gin.LoggerWithConfig.func1
	/Users/bytedance/go/pkg/mod/github.com/gin-gonic/gin@v1.7.7/logger.go:241
github.com/gin-gonic/gin.(*Context).Next
	/Users/bytedance/go/pkg/mod/github.com/gin-gonic/gin@v1.7.7/context.go:168
github.com/gin-gonic/gin.(*Engine).handleHTTPRequest
	/Users/bytedance/go/pkg/mod/github.com/gin-gonic/gin@v1.7.7/gin.go:555
github.com/gin-gonic/gin.(*Engine).ServeHTTP
	/Users/bytedance/go/pkg/mod/github.com/gin-gonic/gin@v1.7.7/gin.go:511
net/http.serverHandler.ServeHTTP
	/usr/local/go/src/net/http/server.go:2867
net/http.(*conn).serve
	/usr/local/go/src/net/http/server.go:1932
[2022-04-04 22:38:41.993]	[34mINFO[0m	game_boat/main.go:25	log init success!
main.init.0
	/Users/bytedance/go/src/github.com/oasis/game_boat/main.go:25
runtime.doInit
	/usr/local/go/src/runtime/proc.go:6309
runtime.main
	/usr/local/go/src/runtime/proc.go:208
[2022-04-04 22:38:42.275]	[34mINFO[0m	game_boat/main.go:29	db init success!
main.init.0
	/Users/bytedance/go/src/github.com/oasis/game_boat/main.go:29
runtime.doInit
	/usr/local/go/src/runtime/proc.go:6309
runtime.main
	/usr/local/go/src/runtime/proc.go:208
[2022-04-04 22:39:02.357]	[31mERROR[0m	initializer/redis.go:21	Redis connect ping failed, err:	{"err": "dial tcp 101.43.252.159:6379: i/o timeout"}
github.com/oasis/game_boat/initializer.InitializeRedis
	/Users/bytedance/go/src/github.com/oasis/game_boat/initializer/redis.go:21
main.init.0
	/Users/bytedance/go/src/github.com/oasis/game_boat/main.go:32
runtime.doInit
	/usr/local/go/src/runtime/proc.go:6309
runtime.main
	/usr/local/go/src/runtime/proc.go:208
[2022-04-04 22:39:02.357]	[34mINFO[0m	game_boat/main.go:33	redis init success!
main.init.0
	/Users/bytedance/go/src/github.com/oasis/game_boat/main.go:33
runtime.doInit
	/usr/local/go/src/runtime/proc.go:6309
runtime.main
	/usr/local/go/src/runtime/proc.go:208
[2022-04-04 22:41:56.413]	[34mINFO[0m	game_boat/main.go:25	log init success!
main.init.0
	/Users/bytedance/go/src/github.com/oasis/game_boat/main.go:25
runtime.doInit
	/usr/local/go/src/runtime/proc.go:6309
runtime.main
	/usr/local/go/src/runtime/proc.go:208
[2022-04-04 22:41:56.683]	[34mINFO[0m	game_boat/main.go:29	db init success!
main.init.0
	/Users/bytedance/go/src/github.com/oasis/game_boat/main.go:29
runtime.doInit
	/usr/local/go/src/runtime/proc.go:6309
runtime.main
	/usr/local/go/src/runtime/proc.go:208
[2022-04-04 22:42:16.760]	[31mERROR[0m	initializer/redis.go:21	Redis connect ping failed, err:	{"err": "dial tcp 101.43.252.159:6379: i/o timeout"}
github.com/oasis/game_boat/initializer.InitializeRedis
	/Users/bytedance/go/src/github.com/oasis/game_boat/initializer/redis.go:21
main.init.0
	/Users/bytedance/go/src/github.com/oasis/game_boat/main.go:32
runtime.doInit
	/usr/local/go/src/runtime/proc.go:6309
runtime.main
	/usr/local/go/src/runtime/proc.go:208
[2022-04-04 22:42:16.760]	[34mINFO[0m	game_boat/main.go:33	redis init success!
main.init.0
	/Users/bytedance/go/src/github.com/oasis/game_boat/main.go:33
runtime.doInit
	/usr/local/go/src/runtime/proc.go:6309
runtime.main
	/usr/local/go/src/runtime/proc.go:208
[2022-04-04 22:42:19.755]	[34mINFO[0m	game/three_list.go:28	[GetGameThreeList], key = all, page = 1, pageSize = 2	{"x-request-id": "c95g7isbcv48qh0plctg"}
github.com/oasis/game_boat/biz/handlers/get/game.GetGameThreeList
	/Users/bytedance/go/src/github.com/oasis/game_boat/biz/handlers/get/game/three_list.go:28
github.com/gin-gonic/gin.(*Context).Next
	/Users/bytedance/go/pkg/mod/github.com/gin-gonic/gin@v1.7.7/context.go:168
github.com/gin-gonic/gin.CustomRecoveryWithWriter.func1
	/Users/bytedance/go/pkg/mod/github.com/gin-gonic/gin@v1.7.7/recovery.go:99
github.com/gin-gonic/gin.(*Context).Next
	/Users/bytedance/go/pkg/mod/github.com/gin-gonic/gin@v1.7.7/context.go:168
github.com/gin-gonic/gin.CustomRecoveryWithWriter.func1
	/Users/bytedance/go/pkg/mod/github.com/gin-gonic/gin@v1.7.7/recovery.go:99
github.com/gin-gonic/gin.(*Context).Next
	/Users/bytedance/go/pkg/mod/github.com/gin-gonic/gin@v1.7.7/context.go:168
github.com/gin-gonic/gin.LoggerWithConfig.func1
	/Users/bytedance/go/pkg/mod/github.com/gin-gonic/gin@v1.7.7/logger.go:241
github.com/gin-gonic/gin.(*Context).Next
	/Users/bytedance/go/pkg/mod/github.com/gin-gonic/gin@v1.7.7/context.go:168
github.com/gin-gonic/gin.(*Engine).handleHTTPRequest
	/Users/bytedance/go/pkg/mod/github.com/gin-gonic/gin@v1.7.7/gin.go:555
github.com/gin-gonic/gin.(*Engine).ServeHTTP
	/Users/bytedance/go/pkg/mod/github.com/gin-gonic/gin@v1.7.7/gin.go:511
net/http.serverHandler.ServeHTTP
	/usr/local/go/src/net/http/server.go:2867
net/http.(*conn).serve
	/usr/local/go/src/net/http/server.go:1932
[2022-04-04 22:42:20.028]	[34mINFO[0m	game/three_list.go:43	[GetGameThreeList] key = all resp.len = 2 2 2	{"x-request-id": "c95g7isbcv48qh0plctg"}
github.com/oasis/game_boat/biz/handlers/get/game.GetGameThreeList
	/Users/bytedance/go/src/github.com/oasis/game_boat/biz/handlers/get/game/three_list.go:43
github.com/gin-gonic/gin.(*Context).Next
	/Users/bytedance/go/pkg/mod/github.com/gin-gonic/gin@v1.7.7/context.go:168
github.com/gin-gonic/gin.CustomRecoveryWithWriter.func1
	/Users/bytedance/go/pkg/mod/github.com/gin-gonic/gin@v1.7.7/recovery.go:99
github.com/gin-gonic/gin.(*Context).Next
	/Users/bytedance/go/pkg/mod/github.com/gin-gonic/gin@v1.7.7/context.go:168
github.com/gin-gonic/gin.CustomRecoveryWithWriter.func1
	/Users/bytedance/go/pkg/mod/github.com/gin-gonic/gin@v1.7.7/recovery.go:99
github.com/gin-gonic/gin.(*Context).Next
	/Users/bytedance/go/pkg/mod/github.com/gin-gonic/gin@v1.7.7/context.go:168
github.com/gin-gonic/gin.LoggerWithConfig.func1
	/Users/bytedance/go/pkg/mod/github.com/gin-gonic/gin@v1.7.7/logger.go:241
github.com/gin-gonic/gin.(*Context).Next
	/Users/bytedance/go/pkg/mod/github.com/gin-gonic/gin@v1.7.7/context.go:168
github.com/gin-gonic/gin.(*Engine).handleHTTPRequest
	/Users/bytedance/go/pkg/mod/github.com/gin-gonic/gin@v1.7.7/gin.go:555
github.com/gin-gonic/gin.(*Engine).ServeHTTP
	/Users/bytedance/go/pkg/mod/github.com/gin-gonic/gin@v1.7.7/gin.go:511
net/http.serverHandler.ServeHTTP
	/usr/local/go/src/net/http/server.go:2867
net/http.(*conn).serve
	/usr/local/go/src/net/http/server.go:1932
[2022-04-04 22:45:36.499]	[34mINFO[0m	game_boat/main.go:25	log init success!
main.init.0
	/Users/bytedance/go/src/github.com/oasis/game_boat/main.go:25
runtime.doInit
	/usr/local/go/src/runtime/proc.go:6309
runtime.main
	/usr/local/go/src/runtime/proc.go:208
[2022-04-04 22:45:36.801]	[34mINFO[0m	game_boat/main.go:29	db init success!
main.init.0
	/Users/bytedance/go/src/github.com/oasis/game_boat/main.go:29
runtime.doInit
	/usr/local/go/src/runtime/proc.go:6309
runtime.main
	/usr/local/go/src/runtime/proc.go:208
[2022-04-04 22:45:56.889]	[31mERROR[0m	initializer/redis.go:21	Redis connect ping failed, err:	{"err": "dial tcp 101.43.252.159:6379: i/o timeout"}
github.com/oasis/game_boat/initializer.InitializeRedis
	/Users/bytedance/go/src/github.com/oasis/game_boat/initializer/redis.go:21
main.init.0
	/Users/bytedance/go/src/github.com/oasis/game_boat/main.go:32
runtime.doInit
	/usr/local/go/src/runtime/proc.go:6309
runtime.main
	/usr/local/go/src/runtime/proc.go:208
[2022-04-04 22:45:56.890]	[34mINFO[0m	game_boat/main.go:33	redis init success!
main.init.0
	/Users/bytedance/go/src/github.com/oasis/game_boat/main.go:33
runtime.doInit
	/usr/local/go/src/runtime/proc.go:6309
runtime.main
	/usr/local/go/src/runtime/proc.go:208
[2022-04-04 22:48:34.824]	[34mINFO[0m	game_boat/main.go:25	log init success!
main.init.0
	/Users/bytedance/go/src/github.com/oasis/game_boat/main.go:25
runtime.doInit
	/usr/local/go/src/runtime/proc.go:6309
runtime.main
	/usr/local/go/src/runtime/proc.go:208
[2022-04-04 22:48:35.137]	[34mINFO[0m	game_boat/main.go:29	db init success!
main.init.0
	/Users/bytedance/go/src/github.com/oasis/game_boat/main.go:29
runtime.doInit
	/usr/local/go/src/runtime/proc.go:6309
runtime.main
	/usr/local/go/src/runtime/proc.go:208
[2022-04-04 22:48:55.215]	[31mERROR[0m	initializer/redis.go:21	Redis connect ping failed, err:	{"err": "dial tcp 101.43.252.159:6379: i/o timeout"}
github.com/oasis/game_boat/initializer.InitializeRedis
	/Users/bytedance/go/src/github.com/oasis/game_boat/initializer/redis.go:21
main.init.0
	/Users/bytedance/go/src/github.com/oasis/game_boat/main.go:32
runtime.doInit
	/usr/local/go/src/runtime/proc.go:6309
runtime.main
	/usr/local/go/src/runtime/proc.go:208
[2022-04-04 22:48:55.215]	[34mINFO[0m	game_boat/main.go:33	redis init success!
main.init.0
	/Users/bytedance/go/src/github.com/oasis/game_boat/main.go:33
runtime.doInit
	/usr/local/go/src/runtime/proc.go:6309
runtime.main
	/usr/local/go/src/runtime/proc.go:208
[2022-04-04 22:49:35.169]	[34mINFO[0m	game_boat/main.go:25	log init success!
main.init.0
	/Users/bytedance/go/src/github.com/oasis/game_boat/main.go:25
runtime.doInit
	/usr/local/go/src/runtime/proc.go:6309
runtime.main
	/usr/local/go/src/runtime/proc.go:208
[2022-04-04 22:49:35.497]	[34mINFO[0m	game_boat/main.go:29	db init success!
main.init.0
	/Users/bytedance/go/src/github.com/oasis/game_boat/main.go:29
runtime.doInit
	/usr/local/go/src/runtime/proc.go:6309
runtime.main
	/usr/local/go/src/runtime/proc.go:208
[2022-04-04 22:49:55.587]	[31mERROR[0m	initializer/redis.go:21	Redis connect ping failed, err:	{"err": "dial tcp 101.43.252.159:6379: i/o timeout"}
github.com/oasis/game_boat/initializer.InitializeRedis
	/Users/bytedance/go/src/github.com/oasis/game_boat/initializer/redis.go:21
main.init.0
	/Users/bytedance/go/src/github.com/oasis/game_boat/main.go:32
runtime.doInit
	/usr/local/go/src/runtime/proc.go:6309
runtime.main
	/usr/local/go/src/runtime/proc.go:208
[2022-04-04 22:49:55.587]	[34mINFO[0m	game_boat/main.go:33	redis init success!
main.init.0
	/Users/bytedance/go/src/github.com/oasis/game_boat/main.go:33
runtime.doInit
	/usr/local/go/src/runtime/proc.go:6309
runtime.main
	/usr/local/go/src/runtime/proc.go:208
[2022-04-04 22:50:01.602]	[34mINFO[0m	game/three_list.go:28	[GetGameThreeList], key = all, page = 1, pageSize = 2	{"x-request-id": "c95gb6cbcv49o33sab8g"}
github.com/oasis/game_boat/biz/handlers/get/game.GetGameThreeList
	/Users/bytedance/go/src/github.com/oasis/game_boat/biz/handlers/get/game/three_list.go:28
github.com/gin-gonic/gin.(*Context).Next
	/Users/bytedance/go/pkg/mod/github.com/gin-gonic/gin@v1.7.7/context.go:168
github.com/gin-gonic/gin.CustomRecoveryWithWriter.func1
	/Users/bytedance/go/pkg/mod/github.com/gin-gonic/gin@v1.7.7/recovery.go:99
github.com/gin-gonic/gin.(*Context).Next
	/Users/bytedance/go/pkg/mod/github.com/gin-gonic/gin@v1.7.7/context.go:168
github.com/gin-gonic/gin.CustomRecoveryWithWriter.func1
	/Users/bytedance/go/pkg/mod/github.com/gin-gonic/gin@v1.7.7/recovery.go:99
github.com/gin-gonic/gin.(*Context).Next
	/Users/bytedance/go/pkg/mod/github.com/gin-gonic/gin@v1.7.7/context.go:168
github.com/gin-gonic/gin.LoggerWithConfig.func1
	/Users/bytedance/go/pkg/mod/github.com/gin-gonic/gin@v1.7.7/logger.go:241
github.com/gin-gonic/gin.(*Context).Next
	/Users/bytedance/go/pkg/mod/github.com/gin-gonic/gin@v1.7.7/context.go:168
github.com/gin-gonic/gin.(*Engine).handleHTTPRequest
	/Users/bytedance/go/pkg/mod/github.com/gin-gonic/gin@v1.7.7/gin.go:555
github.com/gin-gonic/gin.(*Engine).ServeHTTP
	/Users/bytedance/go/pkg/mod/github.com/gin-gonic/gin@v1.7.7/gin.go:511
net/http.serverHandler.ServeHTTP
	/usr/local/go/src/net/http/server.go:2867
net/http.(*conn).serve
	/usr/local/go/src/net/http/server.go:1932
[2022-04-04 22:50:01.891]	[34mINFO[0m	game/three_list.go:43	[GetGameThreeList] key = all resp.len = 2 2 2	{"x-request-id": "c95gb6cbcv49o33sab8g"}
github.com/oasis/game_boat/biz/handlers/get/game.GetGameThreeList
	/Users/bytedance/go/src/github.com/oasis/game_boat/biz/handlers/get/game/three_list.go:43
github.com/gin-gonic/gin.(*Context).Next
	/Users/bytedance/go/pkg/mod/github.com/gin-gonic/gin@v1.7.7/context.go:168
github.com/gin-gonic/gin.CustomRecoveryWithWriter.func1
	/Users/bytedance/go/pkg/mod/github.com/gin-gonic/gin@v1.7.7/recovery.go:99
github.com/gin-gonic/gin.(*Context).Next
	/Users/bytedance/go/pkg/mod/github.com/gin-gonic/gin@v1.7.7/context.go:168
github.com/gin-gonic/gin.CustomRecoveryWithWriter.func1
	/Users/bytedance/go/pkg/mod/github.com/gin-gonic/gin@v1.7.7/recovery.go:99
github.com/gin-gonic/gin.(*Context).Next
	/Users/bytedance/go/pkg/mod/github.com/gin-gonic/gin@v1.7.7/context.go:168
github.com/gin-gonic/gin.LoggerWithConfig.func1
	/Users/bytedance/go/pkg/mod/github.com/gin-gonic/gin@v1.7.7/logger.go:241
github.com/gin-gonic/gin.(*Context).Next
	/Users/bytedance/go/pkg/mod/github.com/gin-gonic/gin@v1.7.7/context.go:168
github.com/gin-gonic/gin.(*Engine).handleHTTPRequest
	/Users/bytedance/go/pkg/mod/github.com/gin-gonic/gin@v1.7.7/gin.go:555
github.com/gin-gonic/gin.(*Engine).ServeHTTP
	/Users/bytedance/go/pkg/mod/github.com/gin-gonic/gin@v1.7.7/gin.go:511
net/http.serverHandler.ServeHTTP
	/usr/local/go/src/net/http/server.go:2867
net/http.(*conn).serve
	/usr/local/go/src/net/http/server.go:1932
[2022-04-04 22:50:08.838]	[34mINFO[0m	game/three_list.go:28	[GetGameThreeList], key = all, page = 1, pageSize = 2	{"x-request-id": "c95gb84bcv49o33sab90"}
github.com/oasis/game_boat/biz/handlers/get/game.GetGameThreeList
	/Users/bytedance/go/src/github.com/oasis/game_boat/biz/handlers/get/game/three_list.go:28
github.com/gin-gonic/gin.(*Context).Next
	/Users/bytedance/go/pkg/mod/github.com/gin-gonic/gin@v1.7.7/context.go:168
github.com/gin-gonic/gin.CustomRecoveryWithWriter.func1
	/Users/bytedance/go/pkg/mod/github.com/gin-gonic/gin@v1.7.7/recovery.go:99
github.com/gin-gonic/gin.(*Context).Next
	/Users/bytedance/go/pkg/mod/github.com/gin-gonic/gin@v1.7.7/context.go:168
github.com/gin-gonic/gin.CustomRecoveryWithWriter.func1
	/Users/bytedance/go/pkg/mod/github.com/gin-gonic/gin@v1.7.7/recovery.go:99
github.com/gin-gonic/gin.(*Context).Next
	/Users/bytedance/go/pkg/mod/github.com/gin-gonic/gin@v1.7.7/context.go:168
github.com/gin-gonic/gin.LoggerWithConfig.func1
	/Users/bytedance/go/pkg/mod/github.com/gin-gonic/gin@v1.7.7/logger.go:241
github.com/gin-gonic/gin.(*Context).Next
	/Users/bytedance/go/pkg/mod/github.com/gin-gonic/gin@v1.7.7/context.go:168
github.com/gin-gonic/gin.(*Engine).handleHTTPRequest
	/Users/bytedance/go/pkg/mod/github.com/gin-gonic/gin@v1.7.7/gin.go:555
github.com/gin-gonic/gin.(*Engine).ServeHTTP
	/Users/bytedance/go/pkg/mod/github.com/gin-gonic/gin@v1.7.7/gin.go:511
net/http.serverHandler.ServeHTTP
	/usr/local/go/src/net/http/server.go:2867
net/http.(*conn).serve
	/usr/local/go/src/net/http/server.go:1932
[2022-04-04 22:50:09.147]	[34mINFO[0m	game/three_list.go:43	[GetGameThreeList] key = all resp.len = 2 2 2	{"x-request-id": "c95gb84bcv49o33sab90"}
github.com/oasis/game_boat/biz/handlers/get/game.GetGameThreeList
	/Users/bytedance/go/src/github.com/oasis/game_boat/biz/handlers/get/game/three_list.go:43
github.com/gin-gonic/gin.(*Context).Next
	/Users/bytedance/go/pkg/mod/github.com/gin-gonic/gin@v1.7.7/context.go:168
github.com/gin-gonic/gin.CustomRecoveryWithWriter.func1
	/Users/bytedance/go/pkg/mod/github.com/gin-gonic/gin@v1.7.7/recovery.go:99
github.com/gin-gonic/gin.(*Context).Next
	/Users/bytedance/go/pkg/mod/github.com/gin-gonic/gin@v1.7.7/context.go:168
github.com/gin-gonic/gin.CustomRecoveryWithWriter.func1
	/Users/bytedance/go/pkg/mod/github.com/gin-gonic/gin@v1.7.7/recovery.go:99
github.com/gin-gonic/gin.(*Context).Next
	/Users/bytedance/go/pkg/mod/github.com/gin-gonic/gin@v1.7.7/context.go:168
github.com/gin-gonic/gin.LoggerWithConfig.func1
	/Users/bytedance/go/pkg/mod/github.com/gin-gonic/gin@v1.7.7/logger.go:241
github.com/gin-gonic/gin.(*Context).Next
	/Users/bytedance/go/pkg/mod/github.com/gin-gonic/gin@v1.7.7/context.go:168
github.com/gin-gonic/gin.(*Engine).handleHTTPRequest
	/Users/bytedance/go/pkg/mod/github.com/gin-gonic/gin@v1.7.7/gin.go:555
github.com/gin-gonic/gin.(*Engine).ServeHTTP
	/Users/bytedance/go/pkg/mod/github.com/gin-gonic/gin@v1.7.7/gin.go:511
net/http.serverHandler.ServeHTTP
	/usr/local/go/src/net/http/server.go:2867
net/http.(*conn).serve
	/usr/local/go/src/net/http/server.go:1932
[2022-04-04 22:53:57.589]	[34mINFO[0m	game_boat/main.go:25	log init success!
main.init.0
	/Users/bytedance/go/src/github.com/oasis/game_boat/main.go:25
runtime.doInit
	/usr/local/go/src/runtime/proc.go:6309
runtime.main
	/usr/local/go/src/runtime/proc.go:208
[2022-04-04 22:53:57.896]	[34mINFO[0m	game_boat/main.go:29	db init success!
main.init.0
	/Users/bytedance/go/src/github.com/oasis/game_boat/main.go:29
runtime.doInit
	/usr/local/go/src/runtime/proc.go:6309
runtime.main
	/usr/local/go/src/runtime/proc.go:208
[2022-04-04 22:54:17.974]	[31mERROR[0m	initializer/redis.go:21	Redis connect ping failed, err:	{"err": "dial tcp 101.43.252.159:6379: i/o timeout"}
github.com/oasis/game_boat/initializer.InitializeRedis
	/Users/bytedance/go/src/github.com/oasis/game_boat/initializer/redis.go:21
main.init.0
	/Users/bytedance/go/src/github.com/oasis/game_boat/main.go:32
runtime.doInit
	/usr/local/go/src/runtime/proc.go:6309
runtime.main
	/usr/local/go/src/runtime/proc.go:208
[2022-04-04 22:54:17.974]	[34mINFO[0m	game_boat/main.go:33	redis init success!
main.init.0
	/Users/bytedance/go/src/github.com/oasis/game_boat/main.go:33
runtime.doInit
	/usr/local/go/src/runtime/proc.go:6309
runtime.main
	/usr/local/go/src/runtime/proc.go:208
[2022-04-04 22:54:59.240]	[34mINFO[0m	game_boat/main.go:25	log init success!
main.init.0
	/Users/bytedance/go/src/github.com/oasis/game_boat/main.go:25
runtime.doInit
	/usr/local/go/src/runtime/proc.go:6309
runtime.main
	/usr/local/go/src/runtime/proc.go:208
[2022-04-04 22:54:59.532]	[34mINFO[0m	game_boat/main.go:29	db init success!
main.init.0
	/Users/bytedance/go/src/github.com/oasis/game_boat/main.go:29
runtime.doInit
	/usr/local/go/src/runtime/proc.go:6309
runtime.main
	/usr/local/go/src/runtime/proc.go:208
[2022-04-04 22:55:19.627]	[31mERROR[0m	initializer/redis.go:21	Redis connect ping failed, err:	{"err": "dial tcp 101.43.252.159:6379: i/o timeout"}
github.com/oasis/game_boat/initializer.InitializeRedis
	/Users/bytedance/go/src/github.com/oasis/game_boat/initializer/redis.go:21
main.init.0
	/Users/bytedance/go/src/github.com/oasis/game_boat/main.go:32
runtime.doInit
	/usr/local/go/src/runtime/proc.go:6309
runtime.main
	/usr/local/go/src/runtime/proc.go:208
[2022-04-04 22:55:19.627]	[34mINFO[0m	game_boat/main.go:33	redis init success!
main.init.0
	/Users/bytedance/go/src/github.com/oasis/game_boat/main.go:33
runtime.doInit
	/usr/local/go/src/runtime/proc.go:6309
runtime.main
	/usr/local/go/src/runtime/proc.go:208
[2022-04-04 22:55:43.061]	[34mINFO[0m	game_boat/main.go:25	log init success!
main.init.0
	/Users/bytedance/go/src/github.com/oasis/game_boat/main.go:25
runtime.doInit
	/usr/local/go/src/runtime/proc.go:6309
runtime.main
	/usr/local/go/src/runtime/proc.go:208
[2022-04-04 22:55:43.376]	[34mINFO[0m	game_boat/main.go:29	db init success!
main.init.0
	/Users/bytedance/go/src/github.com/oasis/game_boat/main.go:29
runtime.doInit
	/usr/local/go/src/runtime/proc.go:6309
runtime.main
	/usr/local/go/src/runtime/proc.go:208
[2022-04-04 22:56:03.459]	[31mERROR[0m	initializer/redis.go:21	Redis connect ping failed, err:	{"err": "dial tcp 101.43.252.159:6379: i/o timeout"}
github.com/oasis/game_boat/initializer.InitializeRedis
	/Users/bytedance/go/src/github.com/oasis/game_boat/initializer/redis.go:21
main.init.0
	/Users/bytedance/go/src/github.com/oasis/game_boat/main.go:32
runtime.doInit
	/usr/local/go/src/runtime/proc.go:6309
runtime.main
	/usr/local/go/src/runtime/proc.go:208
[2022-04-04 22:56:03.459]	[34mINFO[0m	game_boat/main.go:33	redis init success!
main.init.0
	/Users/bytedance/go/src/github.com/oasis/game_boat/main.go:33
runtime.doInit
	/usr/local/go/src/runtime/proc.go:6309
runtime.main
	/usr/local/go/src/runtime/proc.go:208
[2022-04-04 22:57:30.057]	[34mINFO[0m	game_boat/main.go:25	log init success!
main.init.0
	/Users/bytedance/go/src/github.com/oasis/game_boat/main.go:25
runtime.doInit
	/usr/local/go/src/runtime/proc.go:6309
runtime.main
	/usr/local/go/src/runtime/proc.go:208
[2022-04-04 22:57:30.344]	[34mINFO[0m	game_boat/main.go:29	db init success!
main.init.0
	/Users/bytedance/go/src/github.com/oasis/game_boat/main.go:29
runtime.doInit
	/usr/local/go/src/runtime/proc.go:6309
runtime.main
	/usr/local/go/src/runtime/proc.go:208
[2022-04-04 22:57:50.429]	[31mERROR[0m	initializer/redis.go:21	Redis connect ping failed, err:	{"err": "dial tcp 101.43.252.159:6379: i/o timeout"}
github.com/oasis/game_boat/initializer.InitializeRedis
	/Users/bytedance/go/src/github.com/oasis/game_boat/initializer/redis.go:21
main.init.0
	/Users/bytedance/go/src/github.com/oasis/game_boat/main.go:32
runtime.doInit
	/usr/local/go/src/runtime/proc.go:6309
runtime.main
	/usr/local/go/src/runtime/proc.go:208
[2022-04-04 22:57:50.429]	[34mINFO[0m	game_boat/main.go:33	redis init success!
main.init.0
	/Users/bytedance/go/src/github.com/oasis/game_boat/main.go:33
runtime.doInit
	/usr/local/go/src/runtime/proc.go:6309
runtime.main
	/usr/local/go/src/runtime/proc.go:208
[2022-04-04 22:57:53.412]	[34mINFO[0m	game/three_list.go:28	[GetGameThreeList], key = all, page = 1, pageSize = 2	{"x-request-id": "c95gescbcv4amtvk9jog"}
github.com/oasis/game_boat/biz/handlers/get/game.GetGameThreeList
	/Users/bytedance/go/src/github.com/oasis/game_boat/biz/handlers/get/game/three_list.go:28
github.com/gin-gonic/gin.(*Context).Next
	/Users/bytedance/go/pkg/mod/github.com/gin-gonic/gin@v1.7.7/context.go:168
github.com/gin-gonic/gin.CustomRecoveryWithWriter.func1
	/Users/bytedance/go/pkg/mod/github.com/gin-gonic/gin@v1.7.7/recovery.go:99
github.com/gin-gonic/gin.(*Context).Next
	/Users/bytedance/go/pkg/mod/github.com/gin-gonic/gin@v1.7.7/context.go:168
github.com/gin-gonic/gin.CustomRecoveryWithWriter.func1
	/Users/bytedance/go/pkg/mod/github.com/gin-gonic/gin@v1.7.7/recovery.go:99
github.com/gin-gonic/gin.(*Context).Next
	/Users/bytedance/go/pkg/mod/github.com/gin-gonic/gin@v1.7.7/context.go:168
github.com/gin-gonic/gin.LoggerWithConfig.func1
	/Users/bytedance/go/pkg/mod/github.com/gin-gonic/gin@v1.7.7/logger.go:241
github.com/gin-gonic/gin.(*Context).Next
	/Users/bytedance/go/pkg/mod/github.com/gin-gonic/gin@v1.7.7/context.go:168
github.com/gin-gonic/gin.(*Engine).handleHTTPRequest
	/Users/bytedance/go/pkg/mod/github.com/gin-gonic/gin@v1.7.7/gin.go:555
github.com/gin-gonic/gin.(*Engine).ServeHTTP
	/Users/bytedance/go/pkg/mod/github.com/gin-gonic/gin@v1.7.7/gin.go:511
net/http.serverHandler.ServeHTTP
	/usr/local/go/src/net/http/server.go:2867
net/http.(*conn).serve
	/usr/local/go/src/net/http/server.go:1932
[2022-04-04 22:57:53.720]	[34mINFO[0m	game/three_list.go:43	[GetGameThreeList] key = all resp.len = 2 2 2	{"x-request-id": "c95gescbcv4amtvk9jog"}
github.com/oasis/game_boat/biz/handlers/get/game.GetGameThreeList
	/Users/bytedance/go/src/github.com/oasis/game_boat/biz/handlers/get/game/three_list.go:43
github.com/gin-gonic/gin.(*Context).Next
	/Users/bytedance/go/pkg/mod/github.com/gin-gonic/gin@v1.7.7/context.go:168
github.com/gin-gonic/gin.CustomRecoveryWithWriter.func1
	/Users/bytedance/go/pkg/mod/github.com/gin-gonic/gin@v1.7.7/recovery.go:99
github.com/gin-gonic/gin.(*Context).Next
	/Users/bytedance/go/pkg/mod/github.com/gin-gonic/gin@v1.7.7/context.go:168
github.com/gin-gonic/gin.CustomRecoveryWithWriter.func1
	/Users/bytedance/go/pkg/mod/github.com/gin-gonic/gin@v1.7.7/recovery.go:99
github.com/gin-gonic/gin.(*Context).Next
	/Users/bytedance/go/pkg/mod/github.com/gin-gonic/gin@v1.7.7/context.go:168
github.com/gin-gonic/gin.LoggerWithConfig.func1
	/Users/bytedance/go/pkg/mod/github.com/gin-gonic/gin@v1.7.7/logger.go:241
github.com/gin-gonic/gin.(*Context).Next
	/Users/bytedance/go/pkg/mod/github.com/gin-gonic/gin@v1.7.7/context.go:168
github.com/gin-gonic/gin.(*Engine).handleHTTPRequest
	/Users/bytedance/go/pkg/mod/github.com/gin-gonic/gin@v1.7.7/gin.go:555
github.com/gin-gonic/gin.(*Engine).ServeHTTP
	/Users/bytedance/go/pkg/mod/github.com/gin-gonic/gin@v1.7.7/gin.go:511
net/http.serverHandler.ServeHTTP
	/usr/local/go/src/net/http/server.go:2867
net/http.(*conn).serve
	/usr/local/go/src/net/http/server.go:1932
[2022-04-04 22:58:16.626]	[34mINFO[0m	game_boat/main.go:25	log init success!
main.init.0
	/Users/bytedance/go/src/github.com/oasis/game_boat/main.go:25
runtime.doInit
	/usr/local/go/src/runtime/proc.go:6309
runtime.main
	/usr/local/go/src/runtime/proc.go:208
[2022-04-04 22:58:16.940]	[34mINFO[0m	game_boat/main.go:29	db init success!
main.init.0
	/Users/bytedance/go/src/github.com/oasis/game_boat/main.go:29
runtime.doInit
	/usr/local/go/src/runtime/proc.go:6309
runtime.main
	/usr/local/go/src/runtime/proc.go:208
[2022-04-04 22:58:37.024]	[31mERROR[0m	initializer/redis.go:21	Redis connect ping failed, err:	{"err": "dial tcp 101.43.252.159:6379: i/o timeout"}
github.com/oasis/game_boat/initializer.InitializeRedis
	/Users/bytedance/go/src/github.com/oasis/game_boat/initializer/redis.go:21
main.init.0
	/Users/bytedance/go/src/github.com/oasis/game_boat/main.go:32
runtime.doInit
	/usr/local/go/src/runtime/proc.go:6309
runtime.main
	/usr/local/go/src/runtime/proc.go:208
[2022-04-04 22:58:37.024]	[34mINFO[0m	game_boat/main.go:33	redis init success!
main.init.0
	/Users/bytedance/go/src/github.com/oasis/game_boat/main.go:33
runtime.doInit
	/usr/local/go/src/runtime/proc.go:6309
runtime.main
	/usr/local/go/src/runtime/proc.go:208
[2022-04-04 22:58:39.526]	[34mINFO[0m	game/three_list.go:28	[GetGameThreeList], key = all, page = 1, pageSize = 2	{"x-request-id": "c95gf7sbcv4aq3ssl2l0"}
github.com/oasis/game_boat/biz/handlers/get/game.GetGameThreeList
	/Users/bytedance/go/src/github.com/oasis/game_boat/biz/handlers/get/game/three_list.go:28
github.com/gin-gonic/gin.(*Context).Next
	/Users/bytedance/go/pkg/mod/github.com/gin-gonic/gin@v1.7.7/context.go:168
github.com/gin-gonic/gin.CustomRecoveryWithWriter.func1
	/Users/bytedance/go/pkg/mod/github.com/gin-gonic/gin@v1.7.7/recovery.go:99
github.com/gin-gonic/gin.(*Context).Next
	/Users/bytedance/go/pkg/mod/github.com/gin-gonic/gin@v1.7.7/context.go:168
github.com/gin-gonic/gin.CustomRecoveryWithWriter.func1
	/Users/bytedance/go/pkg/mod/github.com/gin-gonic/gin@v1.7.7/recovery.go:99
github.com/gin-gonic/gin.(*Context).Next
	/Users/bytedance/go/pkg/mod/github.com/gin-gonic/gin@v1.7.7/context.go:168
github.com/gin-gonic/gin.LoggerWithConfig.func1
	/Users/bytedance/go/pkg/mod/github.com/gin-gonic/gin@v1.7.7/logger.go:241
github.com/gin-gonic/gin.(*Context).Next
	/Users/bytedance/go/pkg/mod/github.com/gin-gonic/gin@v1.7.7/context.go:168
github.com/gin-gonic/gin.(*Engine).handleHTTPRequest
	/Users/bytedance/go/pkg/mod/github.com/gin-gonic/gin@v1.7.7/gin.go:555
github.com/gin-gonic/gin.(*Engine).ServeHTTP
	/Users/bytedance/go/pkg/mod/github.com/gin-gonic/gin@v1.7.7/gin.go:511
net/http.serverHandler.ServeHTTP
	/usr/local/go/src/net/http/server.go:2867
net/http.(*conn).serve
	/usr/local/go/src/net/http/server.go:1932
[2022-04-04 22:58:39.827]	[34mINFO[0m	game/three_list.go:43	[GetGameThreeList] key = all resp.len = 2 2 2	{"x-request-id": "c95gf7sbcv4aq3ssl2l0"}
github.com/oasis/game_boat/biz/handlers/get/game.GetGameThreeList
	/Users/bytedance/go/src/github.com/oasis/game_boat/biz/handlers/get/game/three_list.go:43
github.com/gin-gonic/gin.(*Context).Next
	/Users/bytedance/go/pkg/mod/github.com/gin-gonic/gin@v1.7.7/context.go:168
github.com/gin-gonic/gin.CustomRecoveryWithWriter.func1
	/Users/bytedance/go/pkg/mod/github.com/gin-gonic/gin@v1.7.7/recovery.go:99
github.com/gin-gonic/gin.(*Context).Next
	/Users/bytedance/go/pkg/mod/github.com/gin-gonic/gin@v1.7.7/context.go:168
github.com/gin-gonic/gin.CustomRecoveryWithWriter.func1
	/Users/bytedance/go/pkg/mod/github.com/gin-gonic/gin@v1.7.7/recovery.go:99
github.com/gin-gonic/gin.(*Context).Next
	/Users/bytedance/go/pkg/mod/github.com/gin-gonic/gin@v1.7.7/context.go:168
github.com/gin-gonic/gin.LoggerWithConfig.func1
	/Users/bytedance/go/pkg/mod/github.com/gin-gonic/gin@v1.7.7/logger.go:241
github.com/gin-gonic/gin.(*Context).Next
	/Users/bytedance/go/pkg/mod/github.com/gin-gonic/gin@v1.7.7/context.go:168
github.com/gin-gonic/gin.(*Engine).handleHTTPRequest
	/Users/bytedance/go/pkg/mod/github.com/gin-gonic/gin@v1.7.7/gin.go:555
github.com/gin-gonic/gin.(*Engine).ServeHTTP
	/Users/bytedance/go/pkg/mod/github.com/gin-gonic/gin@v1.7.7/gin.go:511
net/http.serverHandler.ServeHTTP
	/usr/local/go/src/net/http/server.go:2867
net/http.(*conn).serve
	/usr/local/go/src/net/http/server.go:1932
[2022-04-04 23:01:04.035]	[34mINFO[0m	game_boat/main.go:25	log init success!
main.init.0
	/Users/bytedance/go/src/github.com/oasis/game_boat/main.go:25
runtime.doInit
	/usr/local/go/src/runtime/proc.go:6309
runtime.main
	/usr/local/go/src/runtime/proc.go:208
[2022-04-04 23:01:04.315]	[34mINFO[0m	game_boat/main.go:29	db init success!
main.init.0
	/Users/bytedance/go/src/github.com/oasis/game_boat/main.go:29
runtime.doInit
	/usr/local/go/src/runtime/proc.go:6309
runtime.main
	/usr/local/go/src/runtime/proc.go:208
[2022-04-04 23:01:24.401]	[31mERROR[0m	initializer/redis.go:21	Redis connect ping failed, err:	{"err": "dial tcp 101.43.252.159:6379: i/o timeout"}
github.com/oasis/game_boat/initializer.InitializeRedis
	/Users/bytedance/go/src/github.com/oasis/game_boat/initializer/redis.go:21
main.init.0
	/Users/bytedance/go/src/github.com/oasis/game_boat/main.go:32
runtime.doInit
	/usr/local/go/src/runtime/proc.go:6309
runtime.main
	/usr/local/go/src/runtime/proc.go:208
[2022-04-04 23:01:24.401]	[34mINFO[0m	game_boat/main.go:33	redis init success!
main.init.0
	/Users/bytedance/go/src/github.com/oasis/game_boat/main.go:33
runtime.doInit
	/usr/local/go/src/runtime/proc.go:6309
runtime.main
	/usr/local/go/src/runtime/proc.go:208
[2022-04-04 23:01:40.419]	[34mINFO[0m	game_boat/main.go:25	log init success!
main.init.0
	/Users/bytedance/go/src/github.com/oasis/game_boat/main.go:25
runtime.doInit
	/usr/local/go/src/runtime/proc.go:6309
runtime.main
	/usr/local/go/src/runtime/proc.go:208
[2022-04-04 23:01:40.715]	[34mINFO[0m	game_boat/main.go:29	db init success!
main.init.0
	/Users/bytedance/go/src/github.com/oasis/game_boat/main.go:29
runtime.doInit
	/usr/local/go/src/runtime/proc.go:6309
runtime.main
	/usr/local/go/src/runtime/proc.go:208
[2022-04-04 23:02:00.799]	[31mERROR[0m	initializer/redis.go:21	Redis connect ping failed, err:	{"err": "dial tcp 101.43.252.159:6379: i/o timeout"}
github.com/oasis/game_boat/initializer.InitializeRedis
	/Users/bytedance/go/src/github.com/oasis/game_boat/initializer/redis.go:21
main.init.0
	/Users/bytedance/go/src/github.com/oasis/game_boat/main.go:32
runtime.doInit
	/usr/local/go/src/runtime/proc.go:6309
runtime.main
	/usr/local/go/src/runtime/proc.go:208
[2022-04-04 23:02:00.799]	[34mINFO[0m	game_boat/main.go:33	redis init success!
main.init.0
	/Users/bytedance/go/src/github.com/oasis/game_boat/main.go:33
runtime.doInit
	/usr/local/go/src/runtime/proc.go:6309
runtime.main
	/usr/local/go/src/runtime/proc.go:208
[2022-04-04 23:02:04.000]	[34mINFO[0m	game/three_list.go:28	[GetGameThreeList], key = all, page = 1, pageSize = 2	{"x-request-id": "c95ggr4bcv4b7g2sq130"}
github.com/oasis/game_boat/biz/handlers/get/game.GetGameThreeList
	/Users/bytedance/go/src/github.com/oasis/game_boat/biz/handlers/get/game/three_list.go:28
github.com/gin-gonic/gin.(*Context).Next
	/Users/bytedance/go/pkg/mod/github.com/gin-gonic/gin@v1.7.7/context.go:168
github.com/gin-gonic/gin.CustomRecoveryWithWriter.func1
	/Users/bytedance/go/pkg/mod/github.com/gin-gonic/gin@v1.7.7/recovery.go:99
github.com/gin-gonic/gin.(*Context).Next
	/Users/bytedance/go/pkg/mod/github.com/gin-gonic/gin@v1.7.7/context.go:168
github.com/gin-gonic/gin.CustomRecoveryWithWriter.func1
	/Users/bytedance/go/pkg/mod/github.com/gin-gonic/gin@v1.7.7/recovery.go:99
github.com/gin-gonic/gin.(*Context).Next
	/Users/bytedance/go/pkg/mod/github.com/gin-gonic/gin@v1.7.7/context.go:168
github.com/gin-gonic/gin.LoggerWithConfig.func1
	/Users/bytedance/go/pkg/mod/github.com/gin-gonic/gin@v1.7.7/logger.go:241
github.com/gin-gonic/gin.(*Context).Next
	/Users/bytedance/go/pkg/mod/github.com/gin-gonic/gin@v1.7.7/context.go:168
github.com/gin-gonic/gin.(*Engine).handleHTTPRequest
	/Users/bytedance/go/pkg/mod/github.com/gin-gonic/gin@v1.7.7/gin.go:555
github.com/gin-gonic/gin.(*Engine).ServeHTTP
	/Users/bytedance/go/pkg/mod/github.com/gin-gonic/gin@v1.7.7/gin.go:511
net/http.serverHandler.ServeHTTP
	/usr/local/go/src/net/http/server.go:2867
net/http.(*conn).serve
	/usr/local/go/src/net/http/server.go:1932
[2022-04-04 23:02:04.297]	[34mINFO[0m	game/three_list.go:43	[GetGameThreeList] key = all resp.len = 2 2 2	{"x-request-id": "c95ggr4bcv4b7g2sq130"}
github.com/oasis/game_boat/biz/handlers/get/game.GetGameThreeList
	/Users/bytedance/go/src/github.com/oasis/game_boat/biz/handlers/get/game/three_list.go:43
github.com/gin-gonic/gin.(*Context).Next
	/Users/bytedance/go/pkg/mod/github.com/gin-gonic/gin@v1.7.7/context.go:168
github.com/gin-gonic/gin.CustomRecoveryWithWriter.func1
	/Users/bytedance/go/pkg/mod/github.com/gin-gonic/gin@v1.7.7/recovery.go:99
github.com/gin-gonic/gin.(*Context).Next
	/Users/bytedance/go/pkg/mod/github.com/gin-gonic/gin@v1.7.7/context.go:168
github.com/gin-gonic/gin.CustomRecoveryWithWriter.func1
	/Users/bytedance/go/pkg/mod/github.com/gin-gonic/gin@v1.7.7/recovery.go:99
github.com/gin-gonic/gin.(*Context).Next
	/Users/bytedance/go/pkg/mod/github.com/gin-gonic/gin@v1.7.7/context.go:168
github.com/gin-gonic/gin.LoggerWithConfig.func1
	/Users/bytedance/go/pkg/mod/github.com/gin-gonic/gin@v1.7.7/logger.go:241
github.com/gin-gonic/gin.(*Context).Next
	/Users/bytedance/go/pkg/mod/github.com/gin-gonic/gin@v1.7.7/context.go:168
github.com/gin-gonic/gin.(*Engine).handleHTTPRequest
	/Users/bytedance/go/pkg/mod/github.com/gin-gonic/gin@v1.7.7/gin.go:555
github.com/gin-gonic/gin.(*Engine).ServeHTTP
	/Users/bytedance/go/pkg/mod/github.com/gin-gonic/gin@v1.7.7/gin.go:511
net/http.serverHandler.ServeHTTP
	/usr/local/go/src/net/http/server.go:2867
net/http.(*conn).serve
	/usr/local/go/src/net/http/server.go:1932
