
2022/03/09 10:59:53 /Users/bytedance/go/src/oasis/graduation_design/biz/dal/user_dal/user_info.go:13 record not found
[94.000ms] [rows:0] SELECT `id` FROM `login_info` WHERE email = 'hahahahaaaha@qq.com' AND `login_info`.`deleted_at` IS NULL ORDER BY `login_info`.`id` LIMIT 1

2022/03/09 10:59:53 /Users/bytedance/go/src/oasis/graduation_design/biz/dal/user_dal/user_info.go:21 SLOW SQL >= 200ms
[207.646ms] [rows:1] INSERT INTO `login_info` (`email`,`password`,`created_at`,`updated_at`,`deleted_at`) VALUES ('hahahahaaaha@qq.com','$2a$04$HQWn7YqVDGIR8QOBWUbWquJJ.rftM8wx4U3HmVxhUEuKnP8SUhqyu','2022-03-09 10:59:53.207','2022-03-09 10:59:53.207',NULL)

2022/03/09 10:59:53 /Users/bytedance/go/src/oasis/graduation_design/biz/dal/user_dal/user_info.go:28
[186.075ms] [rows:1] INSERT INTO `user_info` (`name`,`avatar_url`,`login_info_id`,`created_at`,`updated_at`,`deleted_at`) VALUES ('jiejie','',9,'2022-03-09 10:59:53.42','2022-03-09 10:59:53.42',NULL)

2022/03/09 11:01:59 /Users/bytedance/go/src/oasis/graduation_design/biz/dal/user_dal/user_info.go:13 record not found
[95.348ms] [rows:0] SELECT `id` FROM `login_info` WHERE email = 'hahahahaaaha@aqq.com' AND `login_info`.`deleted_at` IS NULL ORDER BY `login_info`.`id` LIMIT 1

2022/03/09 11:02:00 /Users/bytedance/go/src/oasis/graduation_design/biz/dal/user_dal/user_info.go:21 SLOW SQL >= 200ms
[203.979ms] [rows:1] INSERT INTO `login_info` (`email`,`password`,`created_at`,`updated_at`,`deleted_at`) VALUES ('hahahahaaaha@aqq.com','$2a$04$CIPZX56PwgfC5ut6wxzOIuQAoxM/aK5nQlsSCV5q37n5mNPl6El2.','2022-03-09 11:01:59.996','2022-03-09 11:01:59.996',NULL)

2022/03/09 11:02:00 /Users/bytedance/go/src/oasis/graduation_design/biz/dal/user_dal/user_info.go:28
[187.116ms] [rows:1] INSERT INTO `user_info` (`name`,`avatar_url`,`login_info_id`,`created_at`,`updated_at`,`deleted_at`) VALUES ('polis-01FXPA0KX7B2AP9462T669Z29E','https://lf3-static.bytednsdoc.com/obj/eden-cn/lluhfyeh7uhbfpzbps/avatar_default.jpeg',10,'2022-03-09 11:02:00.197','2022-03-09 11:02:00.197',NULL)

2022/04/03 23:53:39 /root/xiaqihong/go/src/github.com/oasis/game_boat/biz/dal/user_dal/user_info.go:51
[1.050ms] [rows:1] SELECT * FROM `user_info` WHERE id = 16 AND `user_info`.`deleted_at` IS NULL ORDER BY `user_info`.`id` LIMIT 1

2022/04/03 23:53:39 /root/xiaqihong/go/src/github.com/oasis/game_boat/biz/dal/user_dal/user_info.go:44
[0.691ms] [rows:1] SELECT * FROM `login_info` WHERE id = 16 AND `login_info`.`deleted_at` IS NULL ORDER BY `login_info`.`id` LIMIT 1

2022/04/03 23:53:56 /root/xiaqihong/go/src/github.com/oasis/game_boat/biz/dal/user_dal/user_info.go:37
[0.480ms] [rows:1] SELECT * FROM `login_info` WHERE email = '123@qq.com' AND `login_info`.`deleted_at` IS NULL ORDER BY `login_info`.`id` LIMIT 1

2022/04/03 23:53:56 /root/xiaqihong/go/src/github.com/oasis/game_boat/biz/dal/user_dal/user_info.go:51
[0.306ms] [rows:1] SELECT * FROM `user_info` WHERE id = 16 AND `user_info`.`deleted_at` IS NULL ORDER BY `user_info`.`id` LIMIT 1

2022/04/03 23:54:10 /root/xiaqihong/go/src/github.com/oasis/game_boat/biz/dal/user_dal/user_info.go:37
[0.496ms] [rows:1] SELECT * FROM `login_info` WHERE email = '123@qq.com' AND `login_info`.`deleted_at` IS NULL ORDER BY `login_info`.`id` LIMIT 1

2022/04/03 23:54:10 /root/xiaqihong/go/src/github.com/oasis/game_boat/biz/dal/user_dal/user_info.go:51
[0.315ms] [rows:1] SELECT * FROM `user_info` WHERE id = 16 AND `user_info`.`deleted_at` IS NULL ORDER BY `user_info`.`id` LIMIT 1

2022/04/03 23:54:20 /root/xiaqihong/go/src/github.com/oasis/game_boat/biz/dal/user_dal/user_info.go:51
[0.411ms] [rows:1] SELECT * FROM `user_info` WHERE id = 16 AND `user_info`.`deleted_at` IS NULL ORDER BY `user_info`.`id` LIMIT 1

2022/04/03 23:54:20 /root/xiaqihong/go/src/github.com/oasis/game_boat/biz/dal/user_dal/user_info.go:44
[0.294ms] [rows:1] SELECT * FROM `login_info` WHERE id = 16 AND `login_info`.`deleted_at` IS NULL ORDER BY `login_info`.`id` LIMIT 1

2022/04/03 23:54:38 /root/xiaqihong/go/src/github.com/oasis/game_boat/biz/dal/user_dal/user_info.go:51
[0.448ms] [rows:1] SELECT * FROM `user_info` WHERE id = 16 AND `user_info`.`deleted_at` IS NULL ORDER BY `user_info`.`id` LIMIT 1

2022/04/03 23:54:38 /root/xiaqihong/go/src/github.com/oasis/game_boat/biz/dal/user_dal/user_info.go:44
[0.279ms] [rows:1] SELECT * FROM `login_info` WHERE id = 16 AND `login_info`.`deleted_at` IS NULL ORDER BY `login_info`.`id` LIMIT 1

2022/04/03 23:54:38 /root/xiaqihong/go/src/github.com/oasis/game_boat/biz/dal/user_dal/user_info.go:75
[3.683ms] [rows:1] UPDATE `user_info` SET `name`='attackonryan',`avatar_url`='http://101.43.252.159/images/rt5PHQ.jpeg',`wall_image_url`='http://101.43.252.159/images/BdrTPj.jpeg',`login_info_id`=16,`created_at`='2022-03-10 11:14:40',`updated_at`='2022-04-03 23:54:38.383' WHERE id = 16 AND `user_info`.`deleted_at` IS NULL AND `id` = 16

2022/04/03 23:54:38 /root/xiaqihong/go/src/github.com/oasis/game_boat/biz/dal/user_dal/user_info.go:81
[3.347ms] [rows:1] UPDATE `login_info` SET `email`='123@qq.com',`password`='$2a$04$m6MKs8ChblU5vwnZp3dysOfO0pTVj5LVRuxDlDzmAdXUXXi5SpxWi',`created_at`='2022-03-10 11:14:40',`updated_at`='2022-04-03 23:54:38.387' WHERE id = 16 AND `login_info`.`deleted_at` IS NULL AND `id` = 16

2022/04/03 23:54:47 /root/xiaqihong/go/src/github.com/oasis/game_boat/biz/dal/user_dal/user_info.go:51
[0.424ms] [rows:1] SELECT * FROM `user_info` WHERE id = 16 AND `user_info`.`deleted_at` IS NULL ORDER BY `user_info`.`id` LIMIT 1

2022/04/03 23:54:47 /root/xiaqihong/go/src/github.com/oasis/game_boat/biz/dal/user_dal/user_info.go:44
[0.265ms] [rows:1] SELECT * FROM `login_info` WHERE id = 16 AND `login_info`.`deleted_at` IS NULL ORDER BY `login_info`.`id` LIMIT 1

2022/04/03 23:57:15 /root/xiaqihong/go/src/github.com/oasis/game_boat/biz/dal/user_dal/user_info.go:51
[0.431ms] [rows:1] SELECT * FROM `user_info` WHERE id = 16 AND `user_info`.`deleted_at` IS NULL ORDER BY `user_info`.`id` LIMIT 1

2022/04/03 23:57:15 /root/xiaqihong/go/src/github.com/oasis/game_boat/biz/dal/user_dal/user_info.go:44
[0.271ms] [rows:1] SELECT * FROM `login_info` WHERE id = 16 AND `login_info`.`deleted_at` IS NULL ORDER BY `login_info`.`id` LIMIT 1

2022/04/03 23:57:25 /root/xiaqihong/go/src/github.com/oasis/game_boat/biz/dal/user_dal/user_info.go:51
[0.446ms] [rows:1] SELECT * FROM `user_info` WHERE id = 16 AND `user_info`.`deleted_at` IS NULL ORDER BY `user_info`.`id` LIMIT 1

2022/04/03 23:57:25 /root/xiaqihong/go/src/github.com/oasis/game_boat/biz/dal/user_dal/user_info.go:44
[0.264ms] [rows:1] SELECT * FROM `login_info` WHERE id = 16 AND `login_info`.`deleted_at` IS NULL ORDER BY `login_info`.`id` LIMIT 1

2022/04/03 23:57:25 /root/xiaqihong/go/src/github.com/oasis/game_boat/biz/dal/user_dal/user_info.go:75
[4.310ms] [rows:1] UPDATE `user_info` SET `name`='attackonryanee',`avatar_url`='http://101.43.252.159/images/rt5PHQ.jpeg',`wall_image_url`='http://101.43.252.159/images/BdrTPj.jpeg',`login_info_id`=16,`created_at`='2022-03-10 11:14:40',`updated_at`='2022-04-03 23:57:25.61' WHERE id = 16 AND `user_info`.`deleted_at` IS NULL AND `id` = 16

2022/04/03 23:57:25 /root/xiaqihong/go/src/github.com/oasis/game_boat/biz/dal/user_dal/user_info.go:81
[3.721ms] [rows:1] UPDATE `login_info` SET `email`='123@qq.com',`password`='$2a$04$m6MKs8ChblU5vwnZp3dysOfO0pTVj5LVRuxDlDzmAdXUXXi5SpxWi',`created_at`='2022-03-10 11:14:40',`updated_at`='2022-04-03 23:57:25.614' WHERE id = 16 AND `login_info`.`deleted_at` IS NULL AND `id` = 16

2022/04/03 23:58:09 /root/xiaqihong/go/src/github.com/oasis/game_boat/biz/dal/user_dal/user_info.go:51
[0.445ms] [rows:1] SELECT * FROM `user_info` WHERE id = 16 AND `user_info`.`deleted_at` IS NULL ORDER BY `user_info`.`id` LIMIT 1

2022/04/03 23:58:09 /root/xiaqihong/go/src/github.com/oasis/game_boat/biz/dal/user_dal/user_info.go:44
[0.291ms] [rows:1] SELECT * FROM `login_info` WHERE id = 16 AND `login_info`.`deleted_at` IS NULL ORDER BY `login_info`.`id` LIMIT 1

2022/04/03 23:58:17 /root/xiaqihong/go/src/github.com/oasis/game_boat/biz/dal/user_dal/user_info.go:51
[0.460ms] [rows:1] SELECT * FROM `user_info` WHERE id = 16 AND `user_info`.`deleted_at` IS NULL ORDER BY `user_info`.`id` LIMIT 1

2022/04/03 23:58:17 /root/xiaqihong/go/src/github.com/oasis/game_boat/biz/dal/user_dal/user_info.go:44
[0.284ms] [rows:1] SELECT * FROM `login_info` WHERE id = 16 AND `login_info`.`deleted_at` IS NULL ORDER BY `login_info`.`id` LIMIT 1

2022/04/03 23:58:17 /root/xiaqihong/go/src/github.com/oasis/game_boat/biz/dal/user_dal/user_info.go:75
[3.467ms] [rows:1] UPDATE `user_info` SET `name`='attackonryan',`avatar_url`='http://101.43.252.159/images/rt5PHQ.jpeg',`wall_image_url`='http://101.43.252.159/images/BdrTPj.jpeg',`login_info_id`=16,`created_at`='2022-03-10 11:14:40',`updated_at`='2022-04-03 23:58:17.114' WHERE id = 16 AND `user_info`.`deleted_at` IS NULL AND `id` = 16

2022/04/03 23:58:17 /root/xiaqihong/go/src/github.com/oasis/game_boat/biz/dal/user_dal/user_info.go:81
[4.657ms] [rows:1] UPDATE `login_info` SET `email`='123@qq.com',`password`='$2a$04$m6MKs8ChblU5vwnZp3dysOfO0pTVj5LVRuxDlDzmAdXUXXi5SpxWi',`created_at`='2022-03-10 11:14:40',`updated_at`='2022-04-03 23:58:17.118' WHERE id = 16 AND `login_info`.`deleted_at` IS NULL AND `id` = 16

2022/04/03 23:58:22 /root/xiaqihong/go/src/github.com/oasis/game_boat/biz/dal/user_dal/user_info.go:51
[0.411ms] [rows:1] SELECT * FROM `user_info` WHERE id = 16 AND `user_info`.`deleted_at` IS NULL ORDER BY `user_info`.`id` LIMIT 1

2022/04/03 23:58:22 /root/xiaqihong/go/src/github.com/oasis/game_boat/biz/dal/user_dal/user_info.go:44
[0.295ms] [rows:1] SELECT * FROM `login_info` WHERE id = 16 AND `login_info`.`deleted_at` IS NULL ORDER BY `login_info`.`id` LIMIT 1

2022/04/04 00:07:55 /root/xiaqihong/go/src/github.com/oasis/game_boat/biz/dal/user_dal/user_info.go:51
[0.994ms] [rows:1] SELECT * FROM `user_info` WHERE id = 16 AND `user_info`.`deleted_at` IS NULL ORDER BY `user_info`.`id` LIMIT 1

2022/04/04 00:07:55 /root/xiaqihong/go/src/github.com/oasis/game_boat/biz/dal/user_dal/user_info.go:44
[0.520ms] [rows:1] SELECT * FROM `login_info` WHERE id = 16 AND `login_info`.`deleted_at` IS NULL ORDER BY `login_info`.`id` LIMIT 1
